[31m2024-04-24 00:30:39,570[0;39m [32m[ERROR][0;39m com.sun.xml.internal.messaging.saaj.soap http-nio-8085-exec-6 [32mSAAJ0511: Unable to create envelope from given source
[0;39m[31m2024-04-24 00:52:29,821[0;39m [32m[INFO][0;39m org.web.service.mybankdepositsweb.MybankDepositsWebApplication restartedMain [32mStarting MybankDepositsWebApplication using Java 1.8.0_292 on WPG02VB6F with PID 23396 (C:\DLTE-JAVA-FULL-STACK-AKSHIRA-2024\DLTE-MYBANK-PROJECT\mybank-deposits-web\target\classes started by xxnlnnqa in C:\DLTE-JAVA-FULL-STACK-AKSHIRA-2024\DLTE-MYBANK-PROJECT\mybank-deposits-web)
[0;39m[31m2024-04-24 00:52:29,824[0;39m [32m[INFO][0;39m org.web.service.mybankdepositsweb.MybankDepositsWebApplication restartedMain [32mNo active profile set, falling back to 1 default profile: "default"
[0;39m[31m2024-04-24 00:52:29,896[0;39m [32m[INFO][0;39m org.springframework.boot.devtools.restart.ChangeableUrls restartedMain [32mThe Class-Path manifest attribute in C:\Users\xxnlnnqa\.m2\repository\com\oracle\database\security\oraclepki\21.5.0.0\oraclepki-21.5.0.0.jar referenced one or more files that do not exist: file:/C:/Users/xxnlnnqa/.m2/repository/com/oracle/database/security/oraclepki/21.5.0.0/osdt_core.jar,file:/C:/Users/xxnlnnqa/.m2/repository/com/oracle/database/security/oraclepki/21.5.0.0/osdt_cert.jar,file:/C:/Users/xxnlnnqa/.m2/repository/com/oracle/database/security/oraclepki/oracle.osdt/osdt_core.jar,file:/C:/Users/xxnlnnqa/.m2/repository/com/oracle/database/security/oraclepki/oracle.osdt/osdt_cert.jar
[0;39m[31m2024-04-24 00:52:29,896[0;39m [32m[INFO][0;39m org.springframework.boot.devtools.env.DevToolsPropertyDefaultsPostProcessor restartedMain [32mDevtools property defaults active! Set 'spring.devtools.add-properties' to 'false' to disable
[0;39m[31m2024-04-24 00:52:29,898[0;39m [32m[INFO][0;39m org.springframework.boot.devtools.env.DevToolsPropertyDefaultsPostProcessor restartedMain [32mFor additional web related logging consider setting the 'logging.level.web' property to 'DEBUG'
[0;39m[31m2024-04-24 00:52:31,056[0;39m [32m[INFO][0;39m org.springframework.data.repository.config.RepositoryConfigurationDelegate restartedMain [32mBootstrapping Spring Data JDBC repositories in DEFAULT mode.
[0;39m[31m2024-04-24 00:52:31,056[0;39m [32m[INFO][0;39m org.springframework.data.repository.config.RepositoryConfigurationDelegate restartedMain [32mFinished Spring Data repository scanning in 7 ms. Found 0 JDBC repository interfaces.
[0;39m[31m2024-04-24 00:52:31,307[0;39m [32m[INFO][0;39m org.springframework.context.support.PostProcessorRegistrationDelegate$BeanPostProcessorChecker restartedMain [32mBean 'soapServiceConfiguration' of type [org.web.service.mybankdepositsweb.configs.SoapServiceConfiguration$$EnhancerBySpringCGLIB$$9732f8b5] is not eligible for getting processed by all BeanPostProcessors (for example: not eligible for auto-proxying)
[0;39m[31m2024-04-24 00:52:31,307[0;39m [32m[INFO][0;39m org.springframework.context.support.PostProcessorRegistrationDelegate$BeanPostProcessorChecker restartedMain [32mBean 'org.springframework.ws.config.annotation.DelegatingWsConfiguration' of type [org.springframework.ws.config.annotation.DelegatingWsConfiguration$$EnhancerBySpringCGLIB$$7986cdf2] is not eligible for getting processed by all BeanPostProcessors (for example: not eligible for auto-proxying)
[0;39m[31m2024-04-24 00:52:31,371[0;39m [32m[INFO][0;39m org.springframework.ws.soap.addressing.server.AnnotationActionEndpointMapping restartedMain [32mSupporting [WS-Addressing August 2004, WS-Addressing 1.0]
[0;39m[31m2024-04-24 00:52:31,702[0;39m [32m[INFO][0;39m org.springframework.boot.web.embedded.tomcat.TomcatWebServer restartedMain [32mTomcat initialized with port(s): 8085 (http)
[0;39m[31m2024-04-24 00:52:31,750[0;39m [32m[INFO][0;39m org.apache.catalina.core.StandardService restartedMain [32mStarting service [Tomcat]
[0;39m[31m2024-04-24 00:52:31,765[0;39m [32m[INFO][0;39m org.apache.catalina.core.StandardEngine restartedMain [32mStarting Servlet engine: [Apache Tomcat/9.0.73]
[0;39m[31m2024-04-24 00:52:31,906[0;39m [32m[INFO][0;39m org.apache.catalina.core.ContainerBase.[Tomcat].[localhost].[/] restartedMain [32mInitializing Spring embedded WebApplicationContext
[0;39m[31m2024-04-24 00:52:31,906[0;39m [32m[INFO][0;39m org.springframework.boot.web.servlet.context.ServletWebServerApplicationContext restartedMain [32mRoot WebApplicationContext: initialization completed in 2008 ms
[0;39m[31m2024-04-24 00:52:32,239[0;39m [32m[INFO][0;39m org.springframework.security.web.DefaultSecurityFilterChain restartedMain [32mWill secure any request with [org.springframework.security.web.session.DisableEncodeUrlFilter@51f9423f, org.springframework.security.web.context.request.async.WebAsyncManagerIntegrationFilter@6912438d, org.springframework.security.web.context.SecurityContextPersistenceFilter@4d36e372, org.springframework.security.web.header.HeaderWriterFilter@68aa4660, org.springframework.web.filter.CorsFilter@2ef77ec0, org.springframework.security.web.authentication.logout.LogoutFilter@2e646abb, org.springframework.security.web.authentication.UsernamePasswordAuthenticationFilter@5d427904, org.springframework.security.web.authentication.ui.DefaultLoginPageGeneratingFilter@1dc1a015, org.springframework.security.web.authentication.ui.DefaultLogoutPageGeneratingFilter@41b3a1e9, org.springframework.security.web.authentication.www.BasicAuthenticationFilter@5d60c2e0, org.springframework.security.web.savedrequest.RequestCacheAwareFilter@66480973, org.springframework.security.web.servletapi.SecurityContextHolderAwareRequestFilter@42414e8d, org.springframework.security.web.authentication.AnonymousAuthenticationFilter@5a40fb5a, org.springframework.security.web.session.SessionManagementFilter@4f1337bc, org.springframework.security.web.access.ExceptionTranslationFilter@2a2b6e1, org.springframework.security.web.access.intercept.FilterSecurityInterceptor@d193b36]
[0;39m[31m2024-04-24 00:52:32,807[0;39m [32m[INFO][0;39m com.zaxxer.hikari.HikariDataSource restartedMain [32mHikariPool-1 - Starting...
[0;39m[31m2024-04-24 00:52:32,823[0;39m [32m[WARN][0;39m com.zaxxer.hikari.util.DriverDataSource restartedMain [32mRegistered driver with driverClassName=oracle.jdbc.driver.OracleDriver was not found, trying direct instantiation.
[0;39m[31m2024-04-24 00:52:32,886[0;39m [32m[INFO][0;39m com.zaxxer.hikari.pool.PoolBase restartedMain [32mHikariPool-1 - Driver does not support get/set network timeout for connections. (oracle.jdbc.driver.T4CConnection.getNetworkTimeout()I)
[0;39m[31m2024-04-24 00:52:32,902[0;39m [32m[INFO][0;39m com.zaxxer.hikari.HikariDataSource restartedMain [32mHikariPool-1 - Start completed.
[0;39m[31m2024-04-24 00:52:33,013[0;39m [32m[INFO][0;39m org.springframework.boot.devtools.autoconfigure.OptionalLiveReloadServer restartedMain [32mLiveReload server is running on port 35729
[0;39m[31m2024-04-24 00:52:33,102[0;39m [32m[INFO][0;39m org.springframework.boot.web.embedded.tomcat.TomcatWebServer restartedMain [32mTomcat started on port(s): 8085 (http) with context path ''
[0;39m[31m2024-04-24 00:52:33,107[0;39m [32m[INFO][0;39m org.web.service.mybankdepositsweb.MybankDepositsWebApplication restartedMain [32mStarted MybankDepositsWebApplication in 3.867 seconds (JVM running for 5.034)
[0;39m[31m2024-04-24 08:49:08,914[0;39m [32m[INFO][0;39m org.web.service.mybankdepositsweb.MybankDepositsWebApplication restartedMain [32mStarting MybankDepositsWebApplication using Java 1.8.0_292 on WPG02VB6F with PID 28328 (C:\DLTE-JAVA-FULL-STACK-AKSHIRA-2024\DLTE-MYBANK-PROJECT\mybank-deposits-web\target\classes started by xxnlnnqa in C:\DLTE-JAVA-FULL-STACK-AKSHIRA-2024\DLTE-MYBANK-PROJECT\mybank-deposits-web)
[0;39m[31m2024-04-24 08:49:08,914[0;39m [32m[INFO][0;39m org.web.service.mybankdepositsweb.MybankDepositsWebApplication restartedMain [32mNo active profile set, falling back to 1 default profile: "default"
[0;39m[31m2024-04-24 08:49:08,960[0;39m [32m[INFO][0;39m org.springframework.boot.devtools.restart.ChangeableUrls restartedMain [32mThe Class-Path manifest attribute in C:\Users\xxnlnnqa\.m2\repository\com\oracle\database\security\oraclepki\21.5.0.0\oraclepki-21.5.0.0.jar referenced one or more files that do not exist: file:/C:/Users/xxnlnnqa/.m2/repository/com/oracle/database/security/oraclepki/21.5.0.0/osdt_core.jar,file:/C:/Users/xxnlnnqa/.m2/repository/com/oracle/database/security/oraclepki/21.5.0.0/osdt_cert.jar,file:/C:/Users/xxnlnnqa/.m2/repository/com/oracle/database/security/oraclepki/oracle.osdt/osdt_core.jar,file:/C:/Users/xxnlnnqa/.m2/repository/com/oracle/database/security/oraclepki/oracle.osdt/osdt_cert.jar
[0;39m[31m2024-04-24 08:49:08,975[0;39m [32m[INFO][0;39m org.springframework.boot.devtools.env.DevToolsPropertyDefaultsPostProcessor restartedMain [32mDevtools property defaults active! Set 'spring.devtools.add-properties' to 'false' to disable
[0;39m[31m2024-04-24 08:49:08,975[0;39m [32m[INFO][0;39m org.springframework.boot.devtools.env.DevToolsPropertyDefaultsPostProcessor restartedMain [32mFor additional web related logging consider setting the 'logging.level.web' property to 'DEBUG'
[0;39m[31m2024-04-24 08:49:09,812[0;39m [32m[INFO][0;39m org.springframework.data.repository.config.RepositoryConfigurationDelegate restartedMain [32mBootstrapping Spring Data JDBC repositories in DEFAULT mode.
[0;39m[31m2024-04-24 08:49:09,827[0;39m [32m[INFO][0;39m org.springframework.data.repository.config.RepositoryConfigurationDelegate restartedMain [32mFinished Spring Data repository scanning in 10 ms. Found 0 JDBC repository interfaces.
[0;39m[31m2024-04-24 08:49:10,048[0;39m [32m[INFO][0;39m org.springframework.context.support.PostProcessorRegistrationDelegate$BeanPostProcessorChecker restartedMain [32mBean 'soapServiceConfiguration' of type [org.web.service.mybankdepositsweb.configs.SoapServiceConfiguration$$EnhancerBySpringCGLIB$$8b1d2fc1] is not eligible for getting processed by all BeanPostProcessors (for example: not eligible for auto-proxying)
[0;39m[31m2024-04-24 08:49:10,048[0;39m [32m[INFO][0;39m org.springframework.context.support.PostProcessorRegistrationDelegate$BeanPostProcessorChecker restartedMain [32mBean 'org.springframework.ws.config.annotation.DelegatingWsConfiguration' of type [org.springframework.ws.config.annotation.DelegatingWsConfiguration$$EnhancerBySpringCGLIB$$6d7104fe] is not eligible for getting processed by all BeanPostProcessors (for example: not eligible for auto-proxying)
[0;39m[31m2024-04-24 08:49:10,095[0;39m [32m[INFO][0;39m org.springframework.ws.soap.addressing.server.AnnotationActionEndpointMapping restartedMain [32mSupporting [WS-Addressing August 2004, WS-Addressing 1.0]
[0;39m[31m2024-04-24 08:49:10,410[0;39m [32m[INFO][0;39m org.springframework.boot.web.embedded.tomcat.TomcatWebServer restartedMain [32mTomcat initialized with port(s): 8085 (http)
[0;39m[31m2024-04-24 08:49:10,457[0;39m [32m[INFO][0;39m org.apache.catalina.core.StandardService restartedMain [32mStarting service [Tomcat]
[0;39m[31m2024-04-24 08:49:10,457[0;39m [32m[INFO][0;39m org.apache.catalina.core.StandardEngine restartedMain [32mStarting Servlet engine: [Apache Tomcat/9.0.73]
[0;39m[31m2024-04-24 08:49:10,551[0;39m [32m[INFO][0;39m org.apache.catalina.core.ContainerBase.[Tomcat].[localhost].[/] restartedMain [32mInitializing Spring embedded WebApplicationContext
[0;39m[31m2024-04-24 08:49:10,551[0;39m [32m[INFO][0;39m org.springframework.boot.web.servlet.context.ServletWebServerApplicationContext restartedMain [32mRoot WebApplicationContext: initialization completed in 1576 ms
[0;39m[31m2024-04-24 08:49:10,915[0;39m [32m[INFO][0;39m org.springframework.security.web.DefaultSecurityFilterChain restartedMain [32mWill secure any request with [org.springframework.security.web.session.DisableEncodeUrlFilter@5e9dcc83, org.springframework.security.web.context.request.async.WebAsyncManagerIntegrationFilter@7e54e68c, org.springframework.security.web.context.SecurityContextPersistenceFilter@4b769a10, org.springframework.security.web.header.HeaderWriterFilter@45fb58e0, org.springframework.web.filter.CorsFilter@49858333, org.springframework.security.web.authentication.logout.LogoutFilter@5d309abf, org.springframework.security.web.authentication.UsernamePasswordAuthenticationFilter@2583f1c6, org.springframework.security.web.authentication.ui.DefaultLoginPageGeneratingFilter@1bd983d9, org.springframework.security.web.authentication.ui.DefaultLogoutPageGeneratingFilter@4683538e, org.springframework.security.web.authentication.www.BasicAuthenticationFilter@4367db86, org.springframework.security.web.savedrequest.RequestCacheAwareFilter@d2872a8, org.springframework.security.web.servletapi.SecurityContextHolderAwareRequestFilter@9fe4115, org.springframework.security.web.authentication.AnonymousAuthenticationFilter@764a7609, org.springframework.security.web.session.SessionManagementFilter@71587e5b, org.springframework.security.web.access.ExceptionTranslationFilter@3781b176, org.springframework.security.web.access.intercept.FilterSecurityInterceptor@26654f7e]
[0;39m[31m2024-04-24 08:49:11,402[0;39m [32m[INFO][0;39m com.zaxxer.hikari.HikariDataSource restartedMain [32mHikariPool-1 - Starting...
[0;39m[31m2024-04-24 08:49:11,402[0;39m [32m[WARN][0;39m com.zaxxer.hikari.util.DriverDataSource restartedMain [32mRegistered driver with driverClassName=oracle.jdbc.driver.OracleDriver was not found, trying direct instantiation.
[0;39m[31m2024-04-24 08:49:11,559[0;39m [32m[INFO][0;39m com.zaxxer.hikari.pool.PoolBase restartedMain [32mHikariPool-1 - Driver does not support get/set network timeout for connections. (oracle.jdbc.driver.T4CConnection.getNetworkTimeout()I)
[0;39m[31m2024-04-24 08:49:11,559[0;39m [32m[INFO][0;39m com.zaxxer.hikari.HikariDataSource restartedMain [32mHikariPool-1 - Start completed.
[0;39m[31m2024-04-24 08:49:11,733[0;39m [32m[INFO][0;39m org.springframework.boot.devtools.autoconfigure.OptionalLiveReloadServer restartedMain [32mLiveReload server is running on port 35729
[0;39m[31m2024-04-24 08:49:11,780[0;39m [32m[INFO][0;39m org.springframework.boot.web.embedded.tomcat.TomcatWebServer restartedMain [32mTomcat started on port(s): 8085 (http) with context path ''
[0;39m[31m2024-04-24 08:49:11,780[0;39m [32m[INFO][0;39m org.web.service.mybankdepositsweb.MybankDepositsWebApplication restartedMain [32mStarted MybankDepositsWebApplication in 3.362 seconds (JVM running for 4.207)
[0;39m[31m2024-04-24 08:49:42,587[0;39m [32m[INFO][0;39m org.apache.catalina.core.ContainerBase.[Tomcat].[localhost].[/] http-nio-8085-exec-1 [32mInitializing Spring DispatcherServlet 'dispatcherServlet'
[0;39m[31m2024-04-24 08:49:42,587[0;39m [32m[INFO][0;39m org.springframework.web.servlet.DispatcherServlet http-nio-8085-exec-1 [32mInitializing Servlet 'dispatcherServlet'
[0;39m[31m2024-04-24 08:49:42,587[0;39m [32m[INFO][0;39m org.springframework.web.servlet.DispatcherServlet http-nio-8085-exec-1 [32mCompleted initialization in 0 ms
[0;39m[31m2024-04-24 08:49:46,175[0;39m [32m[INFO][0;39m org.apache.catalina.core.ContainerBase.[Tomcat].[localhost].[/] http-nio-8085-exec-3 [32mInitializing Spring MessageDispatcherServlet 'messageDispatcherServlet'
[0;39m[31m2024-04-24 08:49:46,175[0;39m [32m[INFO][0;39m org.springframework.ws.transport.http.MessageDispatcherServlet http-nio-8085-exec-3 [32mInitializing Servlet 'messageDispatcherServlet'
[0;39m[31m2024-04-24 08:49:46,175[0;39m [32m[INFO][0;39m org.springframework.ws.soap.saaj.SaajSoapMessageFactory http-nio-8085-exec-3 [32mCreating SAAJ 1.3 MessageFactory with SOAP 1.1 Protocol
[0;39m[31m2024-04-24 08:49:46,203[0;39m [32m[INFO][0;39m org.springframework.ws.transport.http.MessageDispatcherServlet http-nio-8085-exec-3 [32mCompleted initialization in 28 ms
[0;39m[31m2024-04-24 08:49:46,664[0;39m [32m[ERROR][0;39m com.sun.xml.internal.messaging.saaj.soap http-nio-8085-exec-8 [32mSAAJ0511: Unable to create envelope from given source
[0;39m[31m2024-04-24 09:28:23,343[0;39m [32m[INFO][0;39m org.springframework.boot.devtools.autoconfigure.LocalDevToolsAutoConfiguration$RestartingClassPathChangeChangedEventListener File Watcher [32mRestarting due to 20 class path changes (0 additions, 20 deletions, 0 modifications)
[0;39m[31m2024-04-24 09:28:23,501[0;39m [32m[INFO][0;39m org.apache.catalina.core.StandardService Thread-14 [32mStopping service [Tomcat]
[0;39m[31m2024-04-24 09:28:23,539[0;39m [32m[INFO][0;39m org.apache.catalina.core.ContainerBase.[Tomcat].[localhost].[/] Thread-14 [32mDestroying Spring FrameworkServlet 'dispatcherServlet'
[0;39m[31m2024-04-24 09:28:23,539[0;39m [32m[INFO][0;39m org.apache.catalina.core.ContainerBase.[Tomcat].[localhost].[/] Thread-14 [32mDestroying Spring FrameworkServlet 'messageDispatcherServlet'
[0;39m[31m2024-04-24 09:28:23,581[0;39m [32m[INFO][0;39m com.zaxxer.hikari.HikariDataSource Thread-14 [32mHikariPool-1 - Shutdown initiated...
[0;39m[31m2024-04-24 09:28:23,608[0;39m [32m[INFO][0;39m com.zaxxer.hikari.HikariDataSource Thread-14 [32mHikariPool-1 - Shutdown completed.
[0;39m[31m2024-04-24 09:28:23,849[0;39m [32m[INFO][0;39m org.web.service.mybankdepositsweb.MybankDepositsWebApplication restartedMain [32mStarting MybankDepositsWebApplication using Java 1.8.0_292 on WPG02VB6F with PID 28328 (C:\DLTE-JAVA-FULL-STACK-AKSHIRA-2024\DLTE-MYBANK-PROJECT\mybank-deposits-web\target\classes started by xxnlnnqa in C:\DLTE-JAVA-FULL-STACK-AKSHIRA-2024\DLTE-MYBANK-PROJECT\mybank-deposits-web)
[0;39m[31m2024-04-24 09:28:23,849[0;39m [32m[INFO][0;39m org.web.service.mybankdepositsweb.MybankDepositsWebApplication restartedMain [32mNo active profile set, falling back to 1 default profile: "default"
[0;39m[31m2024-04-24 09:28:24,054[0;39m [32m[INFO][0;39m org.springframework.data.repository.config.RepositoryConfigurationDelegate restartedMain [32mBootstrapping Spring Data JDBC repositories in DEFAULT mode.
[0;39m[31m2024-04-24 09:28:24,054[0;39m [32m[INFO][0;39m org.springframework.data.repository.config.RepositoryConfigurationDelegate restartedMain [32mFinished Spring Data repository scanning in 1 ms. Found 0 JDBC repository interfaces.
[0;39m[31m2024-04-24 09:28:24,167[0;39m [32m[INFO][0;39m org.springframework.context.support.PostProcessorRegistrationDelegate$BeanPostProcessorChecker restartedMain [32mBean 'org.springframework.ws.config.annotation.DelegatingWsConfiguration' of type [org.springframework.ws.config.annotation.DelegatingWsConfiguration$$EnhancerBySpringCGLIB$$6d7104fe] is not eligible for getting processed by all BeanPostProcessors (for example: not eligible for auto-proxying)
[0;39m[31m2024-04-24 09:28:24,167[0;39m [32m[INFO][0;39m org.springframework.ws.soap.addressing.server.AnnotationActionEndpointMapping restartedMain [32mSupporting [WS-Addressing August 2004, WS-Addressing 1.0]
[0;39m[31m2024-04-24 09:28:24,274[0;39m [32m[INFO][0;39m org.springframework.boot.web.embedded.tomcat.TomcatWebServer restartedMain [32mTomcat initialized with port(s): 8085 (http)
[0;39m[31m2024-04-24 09:28:24,274[0;39m [32m[INFO][0;39m org.apache.catalina.core.StandardService restartedMain [32mStarting service [Tomcat]
[0;39m[31m2024-04-24 09:28:24,274[0;39m [32m[INFO][0;39m org.apache.catalina.core.StandardEngine restartedMain [32mStarting Servlet engine: [Apache Tomcat/9.0.73]
[0;39m[31m2024-04-24 09:28:24,305[0;39m [32m[INFO][0;39m org.apache.catalina.core.ContainerBase.[Tomcat].[localhost].[/] restartedMain [32mInitializing Spring embedded WebApplicationContext
[0;39m[31m2024-04-24 09:28:24,305[0;39m [32m[INFO][0;39m org.springframework.boot.web.servlet.context.ServletWebServerApplicationContext restartedMain [32mRoot WebApplicationContext: initialization completed in 456 ms
[0;39m[31m2024-04-24 09:28:24,624[0;39m [32m[INFO][0;39m com.zaxxer.hikari.HikariDataSource restartedMain [32mHikariPool-2 - Starting...
[0;39m[31m2024-04-24 09:28:24,624[0;39m [32m[WARN][0;39m com.zaxxer.hikari.util.DriverDataSource restartedMain [32mRegistered driver with driverClassName=oracle.jdbc.driver.OracleDriver was not found, trying direct instantiation.
[0;39m[31m2024-04-24 09:28:24,637[0;39m [32m[INFO][0;39m com.zaxxer.hikari.pool.PoolBase restartedMain [32mHikariPool-2 - Driver does not support get/set network timeout for connections. (oracle.jdbc.driver.T4CConnection.getNetworkTimeout()I)
[0;39m[31m2024-04-24 09:28:24,653[0;39m [32m[INFO][0;39m com.zaxxer.hikari.HikariDataSource restartedMain [32mHikariPool-2 - Start completed.
[0;39m[31m2024-04-24 09:28:24,668[0;39m [32m[WARN][0;39m org.springframework.boot.autoconfigure.security.servlet.UserDetailsServiceAutoConfiguration restartedMain [32m

Using generated security password: d7bc3fb6-8e60-4174-9c50-8e2a7ee40243

This generated password is for development use only. Your security configuration must be updated before running your application in production.

[0;39m[31m2024-04-24 09:28:24,684[0;39m [32m[INFO][0;39m org.springframework.security.web.DefaultSecurityFilterChain restartedMain [32mWill secure any request with [org.springframework.security.web.session.DisableEncodeUrlFilter@1c29f8ef, org.springframework.security.web.context.request.async.WebAsyncManagerIntegrationFilter@57764dbb, org.springframework.security.web.context.SecurityContextPersistenceFilter@31ddb3dc, org.springframework.security.web.header.HeaderWriterFilter@215593f9, org.springframework.security.web.csrf.CsrfFilter@754e1efd, org.springframework.security.web.authentication.logout.LogoutFilter@2c0d3c7d, org.springframework.security.web.authentication.UsernamePasswordAuthenticationFilter@2f490c90, org.springframework.security.web.authentication.ui.DefaultLoginPageGeneratingFilter@7a50d483, org.springframework.security.web.authentication.ui.DefaultLogoutPageGeneratingFilter@303cf649, org.springframework.security.web.authentication.www.BasicAuthenticationFilter@4b279612, org.springframework.security.web.savedrequest.RequestCacheAwareFilter@1d52e349, org.springframework.security.web.servletapi.SecurityContextHolderAwareRequestFilter@10157141, org.springframework.security.web.authentication.AnonymousAuthenticationFilter@475c715a, org.springframework.security.web.session.SessionManagementFilter@2469d8d8, org.springframework.security.web.access.ExceptionTranslationFilter@65c92d5b, org.springframework.security.web.access.intercept.FilterSecurityInterceptor@7647aa63]
[0;39m[31m2024-04-24 09:28:24,700[0;39m [32m[INFO][0;39m org.springframework.boot.devtools.autoconfigure.OptionalLiveReloadServer restartedMain [32mLiveReload server is running on port 35729
[0;39m[31m2024-04-24 09:28:24,732[0;39m [32m[INFO][0;39m org.springframework.boot.web.embedded.tomcat.TomcatWebServer restartedMain [32mTomcat started on port(s): 8085 (http) with context path ''
[0;39m[31m2024-04-24 09:28:24,732[0;39m [32m[INFO][0;39m org.web.service.mybankdepositsweb.MybankDepositsWebApplication restartedMain [32mStarted MybankDepositsWebApplication in 0.934 seconds (JVM running for 2357.152)
[0;39m[31m2024-04-24 09:28:24,732[0;39m [32m[INFO][0;39m org.springframework.boot.devtools.autoconfigure.ConditionEvaluationDeltaLoggingListener restartedMain [32mCondition evaluation delta:


==========================
CONDITION EVALUATION DELTA
==========================


Positive matches:
-----------------

   SpringBootWebSecurityConfiguration.SecurityFilterChainConfiguration matched:
      - AllNestedConditions 2 matched 0 did not; NestedCondition on DefaultWebSecurityCondition.Beans @ConditionalOnMissingBean (types: org.springframework.security.config.annotation.web.configuration.WebSecurityConfigurerAdapter,org.springframework.security.web.SecurityFilterChain; SearchStrategy: all) did not find any beans; NestedCondition on DefaultWebSecurityCondition.Classes @ConditionalOnClass found required classes 'org.springframework.security.web.SecurityFilterChain', 'org.springframework.security.config.annotation.web.builders.HttpSecurity' (DefaultWebSecurityCondition)

   UserDetailsServiceAutoConfiguration matched:
      - @ConditionalOnClass found required class 'org.springframework.security.authentication.AuthenticationManager' (OnClassCondition)
      - @ConditionalOnBean (types: org.springframework.security.config.annotation.ObjectPostProcessor; SearchStrategy: all) found bean 'objectPostProcessor'; @ConditionalOnMissingBean (types: org.springframework.security.authentication.AuthenticationManager,org.springframework.security.authentication.AuthenticationProvider,org.springframework.security.core.userdetails.UserDetailsService,org.springframework.security.authentication.AuthenticationManagerResolver,org.springframework.security.oauth2.jwt.JwtDecoder,org.springframework.security.oauth2.server.resource.introspection.OpaqueTokenIntrospector,org.springframework.security.oauth2.client.registration.ClientRegistrationRepository,org.springframework.security.saml2.provider.service.registration.RelyingPartyRegistrationRepository; SearchStrategy: all) did not find any beans (OnBeanCondition)

   WebServicesAutoConfiguration matched:
      - @ConditionalOnClass found required class 'org.springframework.ws.transport.http.MessageDispatcherServlet' (OnClassCondition)
      - found 'session' scope (OnWebApplicationCondition)
      - @ConditionalOnMissingBean (types: org.springframework.ws.config.annotation.WsConfigurationSupport; SearchStrategy: all) did not find any beans (OnBeanCondition)


Negative matches:
-----------------

   WebServicesAutoConfiguration#wsdlDefinitionBeanFactoryPostProcessor:
      Did not match:
         - WSDL locations did not find property spring.webservices.wsdl-locations (OnWsdlLocationsCondition)


Exclusions:
-----------

    None


Unconditional classes:
----------------------

    None



[0;39m[31m2024-04-24 09:28:26,118[0;39m [32m[INFO][0;39m org.springframework.boot.devtools.autoconfigure.LocalDevToolsAutoConfiguration$RestartingClassPathChangeChangedEventListener File Watcher [32mRestarting due to 20 class path changes (20 additions, 0 deletions, 0 modifications)
[0;39m[31m2024-04-24 09:28:26,247[0;39m [32m[INFO][0;39m org.apache.catalina.core.StandardService Thread-21 [32mStopping service [Tomcat]
[0;39m[31m2024-04-24 09:28:26,247[0;39m [32m[INFO][0;39m com.zaxxer.hikari.HikariDataSource Thread-21 [32mHikariPool-2 - Shutdown initiated...
[0;39m[31m2024-04-24 09:28:26,263[0;39m [32m[INFO][0;39m com.zaxxer.hikari.HikariDataSource Thread-21 [32mHikariPool-2 - Shutdown completed.
[0;39m[31m2024-04-24 09:28:26,498[0;39m [32m[INFO][0;39m org.web.service.mybankdepositsweb.MybankDepositsWebApplication restartedMain [32mStarting MybankDepositsWebApplication using Java 1.8.0_292 on WPG02VB6F with PID 28328 (C:\DLTE-JAVA-FULL-STACK-AKSHIRA-2024\DLTE-MYBANK-PROJECT\mybank-deposits-web\target\classes started by xxnlnnqa in C:\DLTE-JAVA-FULL-STACK-AKSHIRA-2024\DLTE-MYBANK-PROJECT\mybank-deposits-web)
[0;39m[31m2024-04-24 09:28:26,498[0;39m [32m[INFO][0;39m org.web.service.mybankdepositsweb.MybankDepositsWebApplication restartedMain [32mNo active profile set, falling back to 1 default profile: "default"
[0;39m[31m2024-04-24 09:28:26,751[0;39m [32m[INFO][0;39m org.springframework.data.repository.config.RepositoryConfigurationDelegate restartedMain [32mBootstrapping Spring Data JDBC repositories in DEFAULT mode.
[0;39m[31m2024-04-24 09:28:26,751[0;39m [32m[INFO][0;39m org.springframework.data.repository.config.RepositoryConfigurationDelegate restartedMain [32mFinished Spring Data repository scanning in 3 ms. Found 0 JDBC repository interfaces.
[0;39m[31m2024-04-24 09:28:26,798[0;39m [32m[INFO][0;39m org.springframework.context.support.PostProcessorRegistrationDelegate$BeanPostProcessorChecker restartedMain [32mBean 'soapServiceConfiguration' of type [org.web.service.mybankdepositsweb.configs.SoapServiceConfiguration$$EnhancerBySpringCGLIB$$8b1d2fc1] is not eligible for getting processed by all BeanPostProcessors (for example: not eligible for auto-proxying)
[0;39m[31m2024-04-24 09:28:26,798[0;39m [32m[INFO][0;39m org.springframework.context.support.PostProcessorRegistrationDelegate$BeanPostProcessorChecker restartedMain [32mBean 'org.springframework.ws.config.annotation.DelegatingWsConfiguration' of type [org.springframework.ws.config.annotation.DelegatingWsConfiguration$$EnhancerBySpringCGLIB$$6d7104fe] is not eligible for getting processed by all BeanPostProcessors (for example: not eligible for auto-proxying)
[0;39m[31m2024-04-24 09:28:26,798[0;39m [32m[INFO][0;39m org.springframework.ws.soap.addressing.server.AnnotationActionEndpointMapping restartedMain [32mSupporting [WS-Addressing August 2004, WS-Addressing 1.0]
[0;39m[31m2024-04-24 09:28:26,830[0;39m [32m[INFO][0;39m org.springframework.boot.web.embedded.tomcat.TomcatWebServer restartedMain [32mTomcat initialized with port(s): 8085 (http)
[0;39m[31m2024-04-24 09:28:26,830[0;39m [32m[INFO][0;39m org.apache.catalina.core.StandardService restartedMain [32mStarting service [Tomcat]
[0;39m[31m2024-04-24 09:28:26,830[0;39m [32m[INFO][0;39m org.apache.catalina.core.StandardEngine restartedMain [32mStarting Servlet engine: [Apache Tomcat/9.0.73]
[0;39m[31m2024-04-24 09:28:26,860[0;39m [32m[INFO][0;39m org.apache.catalina.core.ContainerBase.[Tomcat].[localhost].[/] restartedMain [32mInitializing Spring embedded WebApplicationContext
[0;39m[31m2024-04-24 09:28:26,860[0;39m [32m[INFO][0;39m org.springframework.boot.web.servlet.context.ServletWebServerApplicationContext restartedMain [32mRoot WebApplicationContext: initialization completed in 362 ms
[0;39m[31m2024-04-24 09:28:26,877[0;39m [32m[WARN][0;39m org.springframework.boot.web.servlet.context.AnnotationConfigServletWebServerApplicationContext restartedMain [32mException encountered during context initialization - cancelling refresh attempt: org.springframework.beans.factory.UnsatisfiedDependencyException: Error creating bean with name 'depositSoap': Unsatisfied dependency expressed through field 'depositInterface'; nested exception is org.springframework.beans.factory.NoSuchBeanDefinitionException: No qualifying bean of type 'mybank.dao.mybankdeposit.interfaces.DepositInterface' available: expected at least 1 bean which qualifies as autowire candidate. Dependency annotations: {@org.springframework.beans.factory.annotation.Autowired(required=true)}
[0;39m[31m2024-04-24 09:28:26,877[0;39m [32m[INFO][0;39m org.apache.catalina.core.StandardService restartedMain [32mStopping service [Tomcat]
[0;39m[31m2024-04-24 09:28:26,877[0;39m [32m[INFO][0;39m org.springframework.boot.autoconfigure.logging.ConditionEvaluationReportLoggingListener restartedMain [32m

Error starting ApplicationContext. To display the conditions report re-run your application with 'debug' enabled.
[0;39m[31m2024-04-24 09:28:26,925[0;39m [32m[ERROR][0;39m org.springframework.boot.diagnostics.LoggingFailureAnalysisReporter restartedMain [32m

***************************
APPLICATION FAILED TO START
***************************

Description:

Field depositInterface in org.web.service.mybankdepositsweb.configs.DepositSoap required a bean of type 'mybank.dao.mybankdeposit.interfaces.DepositInterface' that could not be found.

The injection point has the following annotations:
	- @org.springframework.beans.factory.annotation.Autowired(required=true)


Action:

Consider defining a bean of type 'mybank.dao.mybankdeposit.interfaces.DepositInterface' in your configuration.

[0;39m[31m2024-04-24 09:28:48,991[0;39m [32m[INFO][0;39m org.web.service.mybankdepositsweb.MybankDepositsWebApplication restartedMain [32mStarting MybankDepositsWebApplication using Java 1.8.0_292 on WPG02VB6F with PID 23280 (C:\DLTE-JAVA-FULL-STACK-AKSHIRA-2024\DLTE-MYBANK-PROJECT\mybank-deposits-web\target\classes started by xxnlnnqa in C:\DLTE-JAVA-FULL-STACK-AKSHIRA-2024\DLTE-MYBANK-PROJECT\mybank-deposits-web)
[0;39m[31m2024-04-24 09:28:48,991[0;39m [32m[INFO][0;39m org.web.service.mybankdepositsweb.MybankDepositsWebApplication restartedMain [32mNo active profile set, falling back to 1 default profile: "default"
[0;39m[31m2024-04-24 09:28:49,055[0;39m [32m[INFO][0;39m org.springframework.boot.devtools.restart.ChangeableUrls restartedMain [32mThe Class-Path manifest attribute in C:\Users\xxnlnnqa\.m2\repository\com\oracle\database\security\oraclepki\21.5.0.0\oraclepki-21.5.0.0.jar referenced one or more files that do not exist: file:/C:/Users/xxnlnnqa/.m2/repository/com/oracle/database/security/oraclepki/21.5.0.0/osdt_core.jar,file:/C:/Users/xxnlnnqa/.m2/repository/com/oracle/database/security/oraclepki/21.5.0.0/osdt_cert.jar,file:/C:/Users/xxnlnnqa/.m2/repository/com/oracle/database/security/oraclepki/oracle.osdt/osdt_core.jar,file:/C:/Users/xxnlnnqa/.m2/repository/com/oracle/database/security/oraclepki/oracle.osdt/osdt_cert.jar
[0;39m[31m2024-04-24 09:28:49,055[0;39m [32m[INFO][0;39m org.springframework.boot.devtools.env.DevToolsPropertyDefaultsPostProcessor restartedMain [32mDevtools property defaults active! Set 'spring.devtools.add-properties' to 'false' to disable
[0;39m[31m2024-04-24 09:28:49,055[0;39m [32m[INFO][0;39m org.springframework.boot.devtools.env.DevToolsPropertyDefaultsPostProcessor restartedMain [32mFor additional web related logging consider setting the 'logging.level.web' property to 'DEBUG'
[0;39m[31m2024-04-24 09:28:49,891[0;39m [32m[INFO][0;39m org.springframework.data.repository.config.RepositoryConfigurationDelegate restartedMain [32mBootstrapping Spring Data JDBC repositories in DEFAULT mode.
[0;39m[31m2024-04-24 09:28:49,914[0;39m [32m[INFO][0;39m org.springframework.data.repository.config.RepositoryConfigurationDelegate restartedMain [32mFinished Spring Data repository scanning in 9 ms. Found 0 JDBC repository interfaces.
[0;39m[31m2024-04-24 09:28:50,159[0;39m [32m[INFO][0;39m org.springframework.context.support.PostProcessorRegistrationDelegate$BeanPostProcessorChecker restartedMain [32mBean 'soapServiceConfiguration' of type [org.web.service.mybankdepositsweb.configs.SoapServiceConfiguration$$EnhancerBySpringCGLIB$$a5f750c8] is not eligible for getting processed by all BeanPostProcessors (for example: not eligible for auto-proxying)
[0;39m[31m2024-04-24 09:28:50,175[0;39m [32m[INFO][0;39m org.springframework.context.support.PostProcessorRegistrationDelegate$BeanPostProcessorChecker restartedMain [32mBean 'org.springframework.ws.config.annotation.DelegatingWsConfiguration' of type [org.springframework.ws.config.annotation.DelegatingWsConfiguration$$EnhancerBySpringCGLIB$$884b2605] is not eligible for getting processed by all BeanPostProcessors (for example: not eligible for auto-proxying)
[0;39m[31m2024-04-24 09:28:50,255[0;39m [32m[INFO][0;39m org.springframework.ws.soap.addressing.server.AnnotationActionEndpointMapping restartedMain [32mSupporting [WS-Addressing August 2004, WS-Addressing 1.0]
[0;39m[31m2024-04-24 09:28:50,553[0;39m [32m[INFO][0;39m org.springframework.boot.web.embedded.tomcat.TomcatWebServer restartedMain [32mTomcat initialized with port(s): 8085 (http)
[0;39m[31m2024-04-24 09:28:50,615[0;39m [32m[INFO][0;39m org.apache.catalina.core.StandardService restartedMain [32mStarting service [Tomcat]
[0;39m[31m2024-04-24 09:28:50,615[0;39m [32m[INFO][0;39m org.apache.catalina.core.StandardEngine restartedMain [32mStarting Servlet engine: [Apache Tomcat/9.0.73]
[0;39m[31m2024-04-24 09:28:50,726[0;39m [32m[INFO][0;39m org.apache.catalina.core.ContainerBase.[Tomcat].[localhost].[/] restartedMain [32mInitializing Spring embedded WebApplicationContext
[0;39m[31m2024-04-24 09:28:50,726[0;39m [32m[INFO][0;39m org.springframework.boot.web.servlet.context.ServletWebServerApplicationContext restartedMain [32mRoot WebApplicationContext: initialization completed in 1671 ms
[0;39m[31m2024-04-24 09:28:51,121[0;39m [32m[INFO][0;39m org.springframework.security.web.DefaultSecurityFilterChain restartedMain [32mWill secure any request with [org.springframework.security.web.session.DisableEncodeUrlFilter@41b3a1e9, org.springframework.security.web.context.request.async.WebAsyncManagerIntegrationFilter@5a40fb5a, org.springframework.security.web.context.SecurityContextPersistenceFilter@3816078e, org.springframework.security.web.header.HeaderWriterFilter@771532b6, org.springframework.web.filter.CorsFilter@2135d5b4, org.springframework.security.web.authentication.logout.LogoutFilter@6cb1ad31, org.springframework.security.web.authentication.UsernamePasswordAuthenticationFilter@e4127bb, org.springframework.security.web.authentication.ui.DefaultLoginPageGeneratingFilter@3381a632, org.springframework.security.web.authentication.ui.DefaultLogoutPageGeneratingFilter@3421ae2c, org.springframework.security.web.authentication.www.BasicAuthenticationFilter@5d427904, org.springframework.security.web.savedrequest.RequestCacheAwareFilter@7172c04d, org.springframework.security.web.servletapi.SecurityContextHolderAwareRequestFilter@5f750b92, org.springframework.security.web.authentication.AnonymousAuthenticationFilter@6841fda8, org.springframework.security.web.session.SessionManagementFilter@3030661e, org.springframework.security.web.access.ExceptionTranslationFilter@7f28e2da, org.springframework.security.web.access.intercept.FilterSecurityInterceptor@4902cf35]
[0;39m[31m2024-04-24 09:28:51,722[0;39m [32m[INFO][0;39m com.zaxxer.hikari.HikariDataSource restartedMain [32mHikariPool-1 - Starting...
[0;39m[31m2024-04-24 09:28:51,722[0;39m [32m[WARN][0;39m com.zaxxer.hikari.util.DriverDataSource restartedMain [32mRegistered driver with driverClassName=oracle.jdbc.driver.OracleDriver was not found, trying direct instantiation.
[0;39m[31m2024-04-24 09:28:51,800[0;39m [32m[INFO][0;39m com.zaxxer.hikari.pool.PoolBase restartedMain [32mHikariPool-1 - Driver does not support get/set network timeout for connections. (oracle.jdbc.driver.T4CConnection.getNetworkTimeout()I)
[0;39m[31m2024-04-24 09:28:51,800[0;39m [32m[INFO][0;39m com.zaxxer.hikari.HikariDataSource restartedMain [32mHikariPool-1 - Start completed.
[0;39m[31m2024-04-24 09:28:51,917[0;39m [32m[INFO][0;39m org.springframework.boot.devtools.autoconfigure.OptionalLiveReloadServer restartedMain [32mLiveReload server is running on port 35729
[0;39m[31m2024-04-24 09:28:51,999[0;39m [32m[INFO][0;39m org.springframework.boot.web.embedded.tomcat.TomcatWebServer restartedMain [32mTomcat started on port(s): 8085 (http) with context path ''
[0;39m[31m2024-04-24 09:28:52,007[0;39m [32m[INFO][0;39m org.web.service.mybankdepositsweb.MybankDepositsWebApplication restartedMain [32mStarted MybankDepositsWebApplication in 3.448 seconds (JVM running for 4.393)
[0;39m[31m2024-04-24 09:29:20,690[0;39m [32m[INFO][0;39m org.apache.catalina.core.ContainerBase.[Tomcat].[localhost].[/] http-nio-8085-exec-2 [32mInitializing Spring DispatcherServlet 'dispatcherServlet'
[0;39m[31m2024-04-24 09:29:20,690[0;39m [32m[INFO][0;39m org.springframework.web.servlet.DispatcherServlet http-nio-8085-exec-2 [32mInitializing Servlet 'dispatcherServlet'
[0;39m[31m2024-04-24 09:29:20,690[0;39m [32m[INFO][0;39m org.springframework.web.servlet.DispatcherServlet http-nio-8085-exec-2 [32mCompleted initialization in 0 ms
[0;39m[31m2024-04-24 09:29:21,826[0;39m [32m[ERROR][0;39m org.web.service.mybankdepositsweb.rest.DepositController http-nio-8085-exec-2 [32m"Error Occured"
[0;39mmybank.dao.mybankdeposit.exception.DepositException: No deposits Available
	at mybank.dao.mybankdeposit.service.DepositService.searchDepositById(DepositService.java:96)
	at mybank.dao.mybankdeposit.service.DepositService$$FastClassBySpringCGLIB$$1c62420a.invoke(<generated>)
	at org.springframework.cglib.proxy.MethodProxy.invoke(MethodProxy.java:218)
	at org.springframework.aop.framework.CglibAopProxy$CglibMethodInvocation.invokeJoinpoint(CglibAopProxy.java:793)
	at org.springframework.aop.framework.ReflectiveMethodInvocation.proceed(ReflectiveMethodInvocation.java:163)
	at org.springframework.aop.framework.CglibAopProxy$CglibMethodInvocation.proceed(CglibAopProxy.java:763)
	at org.springframework.dao.support.PersistenceExceptionTranslationInterceptor.invoke(PersistenceExceptionTranslationInterceptor.java:137)
	at org.springframework.aop.framework.ReflectiveMethodInvocation.proceed(ReflectiveMethodInvocation.java:186)
	at org.springframework.aop.framework.CglibAopProxy$CglibMethodInvocation.proceed(CglibAopProxy.java:763)
	at org.springframework.aop.framework.CglibAopProxy$DynamicAdvisedInterceptor.intercept(CglibAopProxy.java:708)
	at mybank.dao.mybankdeposit.service.DepositService$$EnhancerBySpringCGLIB$$847dfd97.searchDepositById(<generated>)
	at org.web.service.mybankdepositsweb.rest.DepositController.calculateDeposit(DepositController.java:55)
	at sun.reflect.NativeMethodAccessorImpl.invoke0(Native Method)
	at sun.reflect.NativeMethodAccessorImpl.invoke(NativeMethodAccessorImpl.java:62)
	at sun.reflect.DelegatingMethodAccessorImpl.invoke(DelegatingMethodAccessorImpl.java:43)
	at java.lang.reflect.Method.invoke(Method.java:498)
	at org.springframework.web.method.support.InvocableHandlerMethod.doInvoke(InvocableHandlerMethod.java:205)
	at org.springframework.web.method.support.InvocableHandlerMethod.invokeForRequest(InvocableHandlerMethod.java:150)
	at org.springframework.web.servlet.mvc.method.annotation.ServletInvocableHandlerMethod.invokeAndHandle(ServletInvocableHandlerMethod.java:117)
	at org.springframework.web.servlet.mvc.method.annotation.RequestMappingHandlerAdapter.invokeHandlerMethod(RequestMappingHandlerAdapter.java:895)
	at org.springframework.web.servlet.mvc.method.annotation.RequestMappingHandlerAdapter.handleInternal(RequestMappingHandlerAdapter.java:808)
	at org.springframework.web.servlet.mvc.method.AbstractHandlerMethodAdapter.handle(AbstractHandlerMethodAdapter.java:87)
	at org.springframework.web.servlet.DispatcherServlet.doDispatch(DispatcherServlet.java:1072)
	at org.springframework.web.servlet.DispatcherServlet.doService(DispatcherServlet.java:965)
	at org.springframework.web.servlet.FrameworkServlet.processRequest(FrameworkServlet.java:1006)
	at org.springframework.web.servlet.FrameworkServlet.doGet(FrameworkServlet.java:898)
	at javax.servlet.http.HttpServlet.service(HttpServlet.java:645)
	at org.springframework.web.servlet.FrameworkServlet.service(FrameworkServlet.java:883)
	at javax.servlet.http.HttpServlet.service(HttpServlet.java:750)
	at org.apache.catalina.core.ApplicationFilterChain.internalDoFilter(ApplicationFilterChain.java:209)
	at org.apache.catalina.core.ApplicationFilterChain.doFilter(ApplicationFilterChain.java:153)
	at org.apache.tomcat.websocket.server.WsFilter.doFilter(WsFilter.java:53)
	at org.apache.catalina.core.ApplicationFilterChain.internalDoFilter(ApplicationFilterChain.java:178)
	at org.apache.catalina.core.ApplicationFilterChain.doFilter(ApplicationFilterChain.java:153)
	at org.springframework.security.web.FilterChainProxy$VirtualFilterChain.doFilter(FilterChainProxy.java:337)
	at org.springframework.security.web.access.intercept.FilterSecurityInterceptor.invoke(FilterSecurityInterceptor.java:115)
	at org.springframework.security.web.access.intercept.FilterSecurityInterceptor.doFilter(FilterSecurityInterceptor.java:81)
	at org.springframework.security.web.FilterChainProxy$VirtualFilterChain.doFilter(FilterChainProxy.java:346)
	at org.springframework.security.web.access.ExceptionTranslationFilter.doFilter(ExceptionTranslationFilter.java:122)
	at org.springframework.security.web.access.ExceptionTranslationFilter.doFilter(ExceptionTranslationFilter.java:116)
	at org.springframework.security.web.FilterChainProxy$VirtualFilterChain.doFilter(FilterChainProxy.java:346)
	at org.springframework.security.web.session.SessionManagementFilter.doFilter(SessionManagementFilter.java:126)
	at org.springframework.security.web.session.SessionManagementFilter.doFilter(SessionManagementFilter.java:81)
	at org.springframework.security.web.FilterChainProxy$VirtualFilterChain.doFilter(FilterChainProxy.java:346)
	at org.springframework.security.web.authentication.AnonymousAuthenticationFilter.doFilter(AnonymousAuthenticationFilter.java:109)
	at org.springframework.security.web.FilterChainProxy$VirtualFilterChain.doFilter(FilterChainProxy.java:346)
	at org.springframework.security.web.servletapi.SecurityContextHolderAwareRequestFilter.doFilter(SecurityContextHolderAwareRequestFilter.java:149)
	at org.springframework.security.web.FilterChainProxy$VirtualFilterChain.doFilter(FilterChainProxy.java:346)
	at org.springframework.security.web.savedrequest.RequestCacheAwareFilter.doFilter(RequestCacheAwareFilter.java:63)
	at org.springframework.security.web.FilterChainProxy$VirtualFilterChain.doFilter(FilterChainProxy.java:346)
	at org.springframework.security.web.authentication.www.BasicAuthenticationFilter.doFilterInternal(BasicAuthenticationFilter.java:198)
	at org.springframework.web.filter.OncePerRequestFilter.doFilter(OncePerRequestFilter.java:117)
	at org.springframework.security.web.FilterChainProxy$VirtualFilterChain.doFilter(FilterChainProxy.java:346)
	at org.springframework.security.web.authentication.ui.DefaultLogoutPageGeneratingFilter.doFilterInternal(DefaultLogoutPageGeneratingFilter.java:58)
	at org.springframework.web.filter.OncePerRequestFilter.doFilter(OncePerRequestFilter.java:117)
	at org.springframework.security.web.FilterChainProxy$VirtualFilterChain.doFilter(FilterChainProxy.java:346)
	at org.springframework.security.web.authentication.ui.DefaultLoginPageGeneratingFilter.doFilter(DefaultLoginPageGeneratingFilter.java:237)
	at org.springframework.security.web.authentication.ui.DefaultLoginPageGeneratingFilter.doFilter(DefaultLoginPageGeneratingFilter.java:223)
	at org.springframework.security.web.FilterChainProxy$VirtualFilterChain.doFilter(FilterChainProxy.java:346)
	at org.springframework.security.web.authentication.AbstractAuthenticationProcessingFilter.doFilter(AbstractAuthenticationProcessingFilter.java:223)
	at org.springframework.security.web.authentication.AbstractAuthenticationProcessingFilter.doFilter(AbstractAuthenticationProcessingFilter.java:217)
	at org.springframework.security.web.FilterChainProxy$VirtualFilterChain.doFilter(FilterChainProxy.java:346)
	at org.springframework.security.web.authentication.logout.LogoutFilter.doFilter(LogoutFilter.java:103)
	at org.springframework.security.web.authentication.logout.LogoutFilter.doFilter(LogoutFilter.java:89)
	at org.springframework.security.web.FilterChainProxy$VirtualFilterChain.doFilter(FilterChainProxy.java:346)
	at org.springframework.web.filter.CorsFilter.doFilterInternal(CorsFilter.java:91)
	at org.springframework.web.filter.OncePerRequestFilter.doFilter(OncePerRequestFilter.java:117)
	at org.springframework.security.web.FilterChainProxy$VirtualFilterChain.doFilter(FilterChainProxy.java:346)
	at org.springframework.security.web.header.HeaderWriterFilter.doHeadersAfter(HeaderWriterFilter.java:90)
	at org.springframework.security.web.header.HeaderWriterFilter.doFilterInternal(HeaderWriterFilter.java:75)
	at org.springframework.web.filter.OncePerRequestFilter.doFilter(OncePerRequestFilter.java:117)
	at org.springframework.security.web.FilterChainProxy$VirtualFilterChain.doFilter(FilterChainProxy.java:346)
	at org.springframework.security.web.context.SecurityContextPersistenceFilter.doFilter(SecurityContextPersistenceFilter.java:112)
	at org.springframework.security.web.context.SecurityContextPersistenceFilter.doFilter(SecurityContextPersistenceFilter.java:82)
	at org.springframework.security.web.FilterChainProxy$VirtualFilterChain.doFilter(FilterChainProxy.java:346)
	at org.springframework.security.web.context.request.async.WebAsyncManagerIntegrationFilter.doFilterInternal(WebAsyncManagerIntegrationFilter.java:55)
	at org.springframework.web.filter.OncePerRequestFilter.doFilter(OncePerRequestFilter.java:117)
	at org.springframework.security.web.FilterChainProxy$VirtualFilterChain.doFilter(FilterChainProxy.java:346)
	at org.springframework.security.web.session.DisableEncodeUrlFilter.doFilterInternal(DisableEncodeUrlFilter.java:42)
	at org.springframework.web.filter.OncePerRequestFilter.doFilter(OncePerRequestFilter.java:117)
	at org.springframework.security.web.FilterChainProxy$VirtualFilterChain.doFilter(FilterChainProxy.java:346)
	at org.springframework.security.web.FilterChainProxy.doFilterInternal(FilterChainProxy.java:221)
	at org.springframework.security.web.FilterChainProxy.doFilter(FilterChainProxy.java:186)
	at org.springframework.web.filter.DelegatingFilterProxy.invokeDelegate(DelegatingFilterProxy.java:354)
	at org.springframework.web.filter.DelegatingFilterProxy.doFilter(DelegatingFilterProxy.java:267)
	at org.apache.catalina.core.ApplicationFilterChain.internalDoFilter(ApplicationFilterChain.java:178)
	at org.apache.catalina.core.ApplicationFilterChain.doFilter(ApplicationFilterChain.java:153)
	at org.springframework.web.filter.RequestContextFilter.doFilterInternal(RequestContextFilter.java:100)
	at org.springframework.web.filter.OncePerRequestFilter.doFilter(OncePerRequestFilter.java:117)
	at org.apache.catalina.core.ApplicationFilterChain.internalDoFilter(ApplicationFilterChain.java:178)
	at org.apache.catalina.core.ApplicationFilterChain.doFilter(ApplicationFilterChain.java:153)
	at org.springframework.web.filter.FormContentFilter.doFilterInternal(FormContentFilter.java:93)
	at org.springframework.web.filter.OncePerRequestFilter.doFilter(OncePerRequestFilter.java:117)
	at org.apache.catalina.core.ApplicationFilterChain.internalDoFilter(ApplicationFilterChain.java:178)
	at org.apache.catalina.core.ApplicationFilterChain.doFilter(ApplicationFilterChain.java:153)
	at org.springframework.web.filter.CharacterEncodingFilter.doFilterInternal(CharacterEncodingFilter.java:201)
	at org.springframework.web.filter.OncePerRequestFilter.doFilter(OncePerRequestFilter.java:117)
	at org.apache.catalina.core.ApplicationFilterChain.internalDoFilter(ApplicationFilterChain.java:178)
	at org.apache.catalina.core.ApplicationFilterChain.doFilter(ApplicationFilterChain.java:153)
	at org.apache.catalina.core.StandardWrapperValve.invoke(StandardWrapperValve.java:167)
	at org.apache.catalina.core.StandardContextValve.invoke(StandardContextValve.java:90)
	at org.apache.catalina.authenticator.AuthenticatorBase.invoke(AuthenticatorBase.java:492)
	at org.apache.catalina.core.StandardHostValve.invoke(StandardHostValve.java:130)
	at org.apache.catalina.valves.ErrorReportValve.invoke(ErrorReportValve.java:93)
	at org.apache.catalina.core.StandardEngineValve.invoke(StandardEngineValve.java:74)
	at org.apache.catalina.connector.CoyoteAdapter.service(CoyoteAdapter.java:343)
	at org.apache.coyote.http11.Http11Processor.service(Http11Processor.java:389)
	at org.apache.coyote.AbstractProcessorLight.process(AbstractProcessorLight.java:63)
	at org.apache.coyote.AbstractProtocol$ConnectionHandler.process(AbstractProtocol.java:926)
	at org.apache.tomcat.util.net.NioEndpoint$SocketProcessor.doRun(NioEndpoint.java:1791)
	at org.apache.tomcat.util.net.SocketProcessorBase.run(SocketProcessorBase.java:49)
	at org.apache.tomcat.util.threads.ThreadPoolExecutor.runWorker(ThreadPoolExecutor.java:1191)
	at org.apache.tomcat.util.threads.ThreadPoolExecutor$Worker.run(ThreadPoolExecutor.java:659)
	at org.apache.tomcat.util.threads.TaskThread$WrappingRunnable.run(TaskThread.java:61)
	at java.lang.Thread.run(Thread.java:748)
[31m2024-04-24 10:32:41,551[0;39m [32m[WARN][0;39m com.zaxxer.hikari.pool.HikariPool HikariPool-1 housekeeper [32mHikariPool-1 - Thread starvation or clock leap detected (housekeeper delta=48s764ms987µs200ns).
[0;39m[31m2024-04-24 12:26:27,472[0;39m [32m[INFO][0;39m org.apache.catalina.core.ContainerBase.[Tomcat].[localhost].[/] http-nio-8085-exec-4 [32mInitializing Spring MessageDispatcherServlet 'messageDispatcherServlet'
[0;39m[31m2024-04-24 12:26:27,475[0;39m [32m[INFO][0;39m org.springframework.ws.transport.http.MessageDispatcherServlet http-nio-8085-exec-4 [32mInitializing Servlet 'messageDispatcherServlet'
[0;39m[31m2024-04-24 12:26:27,479[0;39m [32m[INFO][0;39m org.springframework.ws.soap.saaj.SaajSoapMessageFactory http-nio-8085-exec-4 [32mCreating SAAJ 1.3 MessageFactory with SOAP 1.1 Protocol
[0;39m