[31m2024-04-11 09:40:26,867[0;39m [32m[WARN][0;39m com.zaxxer.hikari.pool.HikariPool HikariPool-1 housekeeper [32mHikariPool-1 - Thread starvation or clock leap detected (housekeeper delta=8h54m44s56ms671µs100ns).
[0;39m[31m2024-04-11 09:41:57,696[0;39m [32m[INFO][0;39m com.web.service.springsoap.SpringsoapApplication restartedMain [32mStarting SpringsoapApplication using Java 1.8.0_292 on WPG02VB6F with PID 7740 (C:\DLTE-JAVA-FULL-STACK-AKSHIRA-2024\DLTE-TECHNICAL-REVIEW\REVIEW6\springsoap\target\classes started by xxnlnnqa in C:\DLTE-JAVA-FULL-STACK-AKSHIRA-2024\DLTE-TECHNICAL-REVIEW\REVIEW6\springsoap)
[0;39m[31m2024-04-11 09:41:57,705[0;39m [32m[INFO][0;39m com.web.service.springsoap.SpringsoapApplication restartedMain [32mNo active profile set, falling back to 1 default profile: "default"
[0;39m[31m2024-04-11 09:41:57,752[0;39m [32m[INFO][0;39m org.springframework.boot.devtools.restart.ChangeableUrls restartedMain [32mThe Class-Path manifest attribute in C:\Users\xxnlnnqa\.m2\repository\com\oracle\database\security\oraclepki\21.5.0.0\oraclepki-21.5.0.0.jar referenced one or more files that do not exist: file:/C:/Users/xxnlnnqa/.m2/repository/com/oracle/database/security/oraclepki/21.5.0.0/osdt_core.jar,file:/C:/Users/xxnlnnqa/.m2/repository/com/oracle/database/security/oraclepki/21.5.0.0/osdt_cert.jar,file:/C:/Users/xxnlnnqa/.m2/repository/com/oracle/database/security/oraclepki/oracle.osdt/osdt_core.jar,file:/C:/Users/xxnlnnqa/.m2/repository/com/oracle/database/security/oraclepki/oracle.osdt/osdt_cert.jar
[0;39m[31m2024-04-11 09:41:57,752[0;39m [32m[INFO][0;39m org.springframework.boot.devtools.env.DevToolsPropertyDefaultsPostProcessor restartedMain [32mDevtools property defaults active! Set 'spring.devtools.add-properties' to 'false' to disable
[0;39m[31m2024-04-11 09:41:57,752[0;39m [32m[INFO][0;39m org.springframework.boot.devtools.env.DevToolsPropertyDefaultsPostProcessor restartedMain [32mFor additional web related logging consider setting the 'logging.level.web' property to 'DEBUG'
[0;39m[31m2024-04-11 09:41:58,336[0;39m [32m[INFO][0;39m org.springframework.data.repository.config.RepositoryConfigurationDelegate restartedMain [32mBootstrapping Spring Data JDBC repositories in DEFAULT mode.
[0;39m[31m2024-04-11 09:41:58,352[0;39m [32m[INFO][0;39m org.springframework.data.repository.config.RepositoryConfigurationDelegate restartedMain [32mFinished Spring Data repository scanning in 8 ms. Found 0 JDBC repository interfaces.
[0;39m[31m2024-04-11 09:41:58,510[0;39m [32m[INFO][0;39m org.springframework.context.support.PostProcessorRegistrationDelegate$BeanPostProcessorChecker restartedMain [32mBean 'org.springframework.ws.config.annotation.DelegatingWsConfiguration' of type [org.springframework.ws.config.annotation.DelegatingWsConfiguration$$EnhancerBySpringCGLIB$$dad5b5c5] is not eligible for getting processed by all BeanPostProcessors (for example: not eligible for auto-proxying)
[0;39m[31m2024-04-11 09:41:58,604[0;39m [32m[INFO][0;39m org.springframework.ws.soap.addressing.server.AnnotationActionEndpointMapping restartedMain [32mSupporting [WS-Addressing August 2004, WS-Addressing 1.0]
[0;39m[31m2024-04-11 09:41:58,904[0;39m [32m[INFO][0;39m org.springframework.boot.web.embedded.tomcat.TomcatWebServer restartedMain [32mTomcat initialized with port(s): 8082 (http)
[0;39m[31m2024-04-11 09:41:58,920[0;39m [32m[INFO][0;39m org.apache.catalina.core.StandardService restartedMain [32mStarting service [Tomcat]
[0;39m[31m2024-04-11 09:41:58,920[0;39m [32m[INFO][0;39m org.apache.catalina.core.StandardEngine restartedMain [32mStarting Servlet engine: [Apache Tomcat/9.0.73]
[0;39m[31m2024-04-11 09:41:59,030[0;39m [32m[INFO][0;39m org.apache.catalina.core.ContainerBase.[Tomcat].[localhost].[/] restartedMain [32mInitializing Spring embedded WebApplicationContext
[0;39m[31m2024-04-11 09:41:59,030[0;39m [32m[INFO][0;39m org.springframework.boot.web.servlet.context.ServletWebServerApplicationContext restartedMain [32mRoot WebApplicationContext: initialization completed in 1278 ms
[0;39m[31m2024-04-11 09:41:59,485[0;39m [32m[INFO][0;39m com.zaxxer.hikari.HikariDataSource restartedMain [32mHikariPool-1 - Starting...
[0;39m[31m2024-04-11 09:41:59,485[0;39m [32m[WARN][0;39m com.zaxxer.hikari.util.DriverDataSource restartedMain [32mRegistered driver with driverClassName=oracle.jdbc.driver.OracleDriver was not found, trying direct instantiation.
[0;39m[31m2024-04-11 09:41:59,580[0;39m [32m[INFO][0;39m com.zaxxer.hikari.pool.PoolBase restartedMain [32mHikariPool-1 - Driver does not support get/set network timeout for connections. (oracle.jdbc.driver.T4CConnection.getNetworkTimeout()I)
[0;39m[31m2024-04-11 09:41:59,580[0;39m [32m[INFO][0;39m com.zaxxer.hikari.HikariDataSource restartedMain [32mHikariPool-1 - Start completed.
[0;39m[31m2024-04-11 09:41:59,659[0;39m [32m[INFO][0;39m org.springframework.boot.devtools.autoconfigure.OptionalLiveReloadServer restartedMain [32mLiveReload server is running on port 35729
[0;39m[31m2024-04-11 09:41:59,699[0;39m [32m[INFO][0;39m org.springframework.boot.web.embedded.tomcat.TomcatWebServer restartedMain [32mTomcat started on port(s): 8082 (http) with context path ''
[0;39m[31m2024-04-11 09:41:59,707[0;39m [32m[INFO][0;39m com.web.service.springsoap.SpringsoapApplication restartedMain [32mStarted SpringsoapApplication in 2.498 seconds (JVM running for 3.4)
[0;39m[31m2024-04-11 09:43:44,933[0;39m [32m[INFO][0;39m com.web.service.springsoap.SpringsoapApplication restartedMain [32mStarting SpringsoapApplication using Java 1.8.0_292 on WPG02VB6F with PID 6748 (C:\DLTE-JAVA-FULL-STACK-AKSHIRA-2024\DLTE-TECHNICAL-REVIEW\REVIEW6\springsoap\target\classes started by xxnlnnqa in C:\DLTE-JAVA-FULL-STACK-AKSHIRA-2024\DLTE-TECHNICAL-REVIEW\REVIEW6\springsoap)
[0;39m[31m2024-04-11 09:43:44,933[0;39m [32m[INFO][0;39m com.web.service.springsoap.SpringsoapApplication restartedMain [32mNo active profile set, falling back to 1 default profile: "default"
[0;39m[31m2024-04-11 09:43:44,976[0;39m [32m[INFO][0;39m org.springframework.boot.devtools.restart.ChangeableUrls restartedMain [32mThe Class-Path manifest attribute in C:\Users\xxnlnnqa\.m2\repository\com\oracle\database\security\oraclepki\21.5.0.0\oraclepki-21.5.0.0.jar referenced one or more files that do not exist: file:/C:/Users/xxnlnnqa/.m2/repository/com/oracle/database/security/oraclepki/21.5.0.0/osdt_core.jar,file:/C:/Users/xxnlnnqa/.m2/repository/com/oracle/database/security/oraclepki/21.5.0.0/osdt_cert.jar,file:/C:/Users/xxnlnnqa/.m2/repository/com/oracle/database/security/oraclepki/oracle.osdt/osdt_core.jar,file:/C:/Users/xxnlnnqa/.m2/repository/com/oracle/database/security/oraclepki/oracle.osdt/osdt_cert.jar
[0;39m[31m2024-04-11 09:43:44,976[0;39m [32m[INFO][0;39m org.springframework.boot.devtools.env.DevToolsPropertyDefaultsPostProcessor restartedMain [32mDevtools property defaults active! Set 'spring.devtools.add-properties' to 'false' to disable
[0;39m[31m2024-04-11 09:43:44,976[0;39m [32m[INFO][0;39m org.springframework.boot.devtools.env.DevToolsPropertyDefaultsPostProcessor restartedMain [32mFor additional web related logging consider setting the 'logging.level.web' property to 'DEBUG'
[0;39m[31m2024-04-11 09:43:45,623[0;39m [32m[INFO][0;39m org.springframework.data.repository.config.RepositoryConfigurationDelegate restartedMain [32mBootstrapping Spring Data JDBC repositories in DEFAULT mode.
[0;39m[31m2024-04-11 09:43:45,623[0;39m [32m[INFO][0;39m org.springframework.data.repository.config.RepositoryConfigurationDelegate restartedMain [32mFinished Spring Data repository scanning in 7 ms. Found 0 JDBC repository interfaces.
[0;39m[31m2024-04-11 09:43:45,780[0;39m [32m[INFO][0;39m org.springframework.context.support.PostProcessorRegistrationDelegate$BeanPostProcessorChecker restartedMain [32mBean 'org.springframework.ws.config.annotation.DelegatingWsConfiguration' of type [org.springframework.ws.config.annotation.DelegatingWsConfiguration$$EnhancerBySpringCGLIB$$5c9dfe4c] is not eligible for getting processed by all BeanPostProcessors (for example: not eligible for auto-proxying)
[0;39m[31m2024-04-11 09:43:45,811[0;39m [32m[INFO][0;39m org.springframework.ws.soap.addressing.server.AnnotationActionEndpointMapping restartedMain [32mSupporting [WS-Addressing August 2004, WS-Addressing 1.0]
[0;39m[31m2024-04-11 09:43:46,063[0;39m [32m[INFO][0;39m org.springframework.boot.web.embedded.tomcat.TomcatWebServer restartedMain [32mTomcat initialized with port(s): 8082 (http)
[0;39m[31m2024-04-11 09:43:46,063[0;39m [32m[INFO][0;39m org.apache.catalina.core.StandardService restartedMain [32mStarting service [Tomcat]
[0;39m[31m2024-04-11 09:43:46,063[0;39m [32m[INFO][0;39m org.apache.catalina.core.StandardEngine restartedMain [32mStarting Servlet engine: [Apache Tomcat/9.0.73]
[0;39m[31m2024-04-11 09:43:46,158[0;39m [32m[INFO][0;39m org.apache.catalina.core.ContainerBase.[Tomcat].[localhost].[/] restartedMain [32mInitializing Spring embedded WebApplicationContext
[0;39m[31m2024-04-11 09:43:46,158[0;39m [32m[INFO][0;39m org.springframework.boot.web.servlet.context.ServletWebServerApplicationContext restartedMain [32mRoot WebApplicationContext: initialization completed in 1182 ms
[0;39m[31m2024-04-11 09:43:46,567[0;39m [32m[INFO][0;39m com.zaxxer.hikari.HikariDataSource restartedMain [32mHikariPool-1 - Starting...
[0;39m[31m2024-04-11 09:43:46,567[0;39m [32m[WARN][0;39m com.zaxxer.hikari.util.DriverDataSource restartedMain [32mRegistered driver with driverClassName=oracle.jdbc.driver.OracleDriver was not found, trying direct instantiation.
[0;39m[31m2024-04-11 09:43:46,642[0;39m [32m[INFO][0;39m com.zaxxer.hikari.pool.PoolBase restartedMain [32mHikariPool-1 - Driver does not support get/set network timeout for connections. (oracle.jdbc.driver.T4CConnection.getNetworkTimeout()I)
[0;39m[31m2024-04-11 09:43:46,646[0;39m [32m[INFO][0;39m com.zaxxer.hikari.HikariDataSource restartedMain [32mHikariPool-1 - Start completed.
[0;39m[31m2024-04-11 09:43:46,713[0;39m [32m[INFO][0;39m org.springframework.boot.devtools.autoconfigure.OptionalLiveReloadServer restartedMain [32mLiveReload server is running on port 35729
[0;39m[31m2024-04-11 09:43:46,746[0;39m [32m[INFO][0;39m org.springframework.boot.web.embedded.tomcat.TomcatWebServer restartedMain [32mTomcat started on port(s): 8082 (http) with context path ''
[0;39m[31m2024-04-11 09:43:46,761[0;39m [32m[INFO][0;39m com.web.service.springsoap.SpringsoapApplication restartedMain [32mStarted SpringsoapApplication in 2.222 seconds (JVM running for 2.95)
[0;39m[31m2024-04-11 09:43:54,438[0;39m [32m[INFO][0;39m org.apache.catalina.core.ContainerBase.[Tomcat].[localhost].[/] http-nio-8082-exec-2 [32mInitializing Spring MessageDispatcherServlet 'messageDispatcherServlet'
[0;39m[31m2024-04-11 09:43:54,438[0;39m [32m[INFO][0;39m org.springframework.ws.transport.http.MessageDispatcherServlet http-nio-8082-exec-2 [32mInitializing Servlet 'messageDispatcherServlet'
[0;39m[31m2024-04-11 09:43:54,459[0;39m [32m[INFO][0;39m org.springframework.ws.soap.saaj.SaajSoapMessageFactory http-nio-8082-exec-2 [32mCreating SAAJ 1.3 MessageFactory with SOAP 1.1 Protocol
[0;39m[31m2024-04-11 09:43:54,471[0;39m [32m[INFO][0;39m org.springframework.ws.transport.http.MessageDispatcherServlet http-nio-8082-exec-2 [32mCompleted initialization in 33 ms
[0;39m[31m2024-04-11 09:45:00,374[0;39m [32m[WARN][0;39m com.dao.service.daoservice.service.DatabaseRepositoryImplementation http-nio-8082-exec-4 [32mNo employee found with ID:1
[0;39m[31m2024-04-11 12:10:26,933[0;39m [32m[WARN][0;39m com.zaxxer.hikari.pool.HikariPool HikariPool-1 housekeeper [32mHikariPool-1 - Thread starvation or clock leap detected (housekeeper delta=1h48m9s579ms91µs).
[0;39m[31m2024-04-11 13:23:04,929[0;39m [32m[WARN][0;39m com.dao.service.daoservice.service.DatabaseRepositoryImplementation http-nio-8082-exec-5 [32mNo employee found with ID:23456
[0;39m[31m2024-04-11 13:24:48,388[0;39m [32m[WARN][0;39m com.dao.service.daoservice.service.DatabaseRepositoryImplementation http-nio-8082-exec-1 [32mNo employee found with ID:23456
[0;39m[31m2024-04-11 14:23:46,018[0;39m [32m[WARN][0;39m com.zaxxer.hikari.pool.HikariPool HikariPool-1 housekeeper [32mHikariPool-1 - Thread starvation or clock leap detected (housekeeper delta=58m17s935ms890µs400ns).
[0;39m