[31m2024-03-30 19:54:36,849[0;39m [32m[INFO][0;39m com.jdbc.soap.TaskjdbcsoapApplication restartedMain [32mStarting TaskjdbcsoapApplication using Java 1.8.0_292 on WPG02VB6F with PID 16932 (C:\DLTE-JAVA-FULL-STACK-AKSHIRA-2024\DLTE-TASK\taskjdbcsoap\target\classes started by xxnlnnqa in C:\DLTE-JAVA-FULL-STACK-AKSHIRA-2024\DLTE-TASK\taskjdbcsoap)
[0;39m[31m2024-03-30 19:54:36,860[0;39m [32m[INFO][0;39m com.jdbc.soap.TaskjdbcsoapApplication restartedMain [32mNo active profile set, falling back to 1 default profile: "default"
[0;39m[31m2024-03-30 19:54:36,912[0;39m [32m[INFO][0;39m org.springframework.boot.devtools.restart.ChangeableUrls restartedMain [32mThe Class-Path manifest attribute in C:\Users\xxnlnnqa\.m2\repository\com\oracle\database\security\oraclepki\21.5.0.0\oraclepki-21.5.0.0.jar referenced one or more files that do not exist: file:/C:/Users/xxnlnnqa/.m2/repository/com/oracle/database/security/oraclepki/21.5.0.0/osdt_core.jar,file:/C:/Users/xxnlnnqa/.m2/repository/com/oracle/database/security/oraclepki/21.5.0.0/osdt_cert.jar,file:/C:/Users/xxnlnnqa/.m2/repository/com/oracle/database/security/oraclepki/oracle.osdt/osdt_core.jar,file:/C:/Users/xxnlnnqa/.m2/repository/com/oracle/database/security/oraclepki/oracle.osdt/osdt_cert.jar
[0;39m[31m2024-03-30 19:54:36,912[0;39m [32m[INFO][0;39m org.springframework.boot.devtools.env.DevToolsPropertyDefaultsPostProcessor restartedMain [32mDevtools property defaults active! Set 'spring.devtools.add-properties' to 'false' to disable
[0;39m[31m2024-03-30 19:54:36,912[0;39m [32m[INFO][0;39m org.springframework.boot.devtools.env.DevToolsPropertyDefaultsPostProcessor restartedMain [32mFor additional web related logging consider setting the 'logging.level.web' property to 'DEBUG'
[0;39m[31m2024-03-30 19:54:37,809[0;39m [32m[INFO][0;39m org.springframework.data.repository.config.RepositoryConfigurationDelegate restartedMain [32mBootstrapping Spring Data JDBC repositories in DEFAULT mode.
[0;39m[31m2024-03-30 19:54:37,825[0;39m [32m[INFO][0;39m org.springframework.data.repository.config.RepositoryConfigurationDelegate restartedMain [32mFinished Spring Data repository scanning in 14 ms. Found 0 JDBC repository interfaces.
[0;39m[31m2024-03-30 19:54:38,093[0;39m [32m[INFO][0;39m org.springframework.context.support.PostProcessorRegistrationDelegate$BeanPostProcessorChecker restartedMain [32mBean 'soapServiceConfiguration' of type [com.jdbc.soap.SoapServiceConfiguration$$EnhancerBySpringCGLIB$$8df045b2] is not eligible for getting processed by all BeanPostProcessors (for example: not eligible for auto-proxying)
[0;39m[31m2024-03-30 19:54:38,094[0;39m [32m[INFO][0;39m org.springframework.context.support.PostProcessorRegistrationDelegate$BeanPostProcessorChecker restartedMain [32mBean 'org.springframework.ws.config.annotation.DelegatingWsConfiguration' of type [org.springframework.ws.config.annotation.DelegatingWsConfiguration$$EnhancerBySpringCGLIB$$9470adc3] is not eligible for getting processed by all BeanPostProcessors (for example: not eligible for auto-proxying)
[0;39m[31m2024-03-30 19:54:38,156[0;39m [32m[INFO][0;39m org.springframework.ws.soap.addressing.server.AnnotationActionEndpointMapping restartedMain [32mSupporting [WS-Addressing August 2004, WS-Addressing 1.0]
[0;39m[31m2024-03-30 19:54:38,565[0;39m [32m[INFO][0;39m org.springframework.boot.web.embedded.tomcat.TomcatWebServer restartedMain [32mTomcat initialized with port(s): 8011 (http)
[0;39m[31m2024-03-30 19:54:38,581[0;39m [32m[INFO][0;39m org.apache.catalina.core.StandardService restartedMain [32mStarting service [Tomcat]
[0;39m[31m2024-03-30 19:54:38,581[0;39m [32m[INFO][0;39m org.apache.catalina.core.StandardEngine restartedMain [32mStarting Servlet engine: [Apache Tomcat/9.0.73]
[0;39m[31m2024-03-30 19:54:38,706[0;39m [32m[INFO][0;39m org.apache.catalina.core.ContainerBase.[Tomcat].[localhost].[/] restartedMain [32mInitializing Spring embedded WebApplicationContext
[0;39m[31m2024-03-30 19:54:38,706[0;39m [32m[INFO][0;39m org.springframework.boot.web.servlet.context.ServletWebServerApplicationContext restartedMain [32mRoot WebApplicationContext: initialization completed in 1794 ms
[0;39m[31m2024-03-30 19:54:39,428[0;39m [32m[INFO][0;39m com.zaxxer.hikari.HikariDataSource restartedMain [32mHikariPool-1 - Starting...
[0;39m[31m2024-03-30 19:54:39,428[0;39m [32m[WARN][0;39m com.zaxxer.hikari.util.DriverDataSource restartedMain [32mRegistered driver with driverClassName=oracle.jdbc.driver.OracleDriver was not found, trying direct instantiation.
[0;39m[31m2024-03-30 19:54:39,554[0;39m [32m[INFO][0;39m com.zaxxer.hikari.pool.PoolBase restartedMain [32mHikariPool-1 - Driver does not support get/set network timeout for connections. (oracle.jdbc.driver.T4CConnection.getNetworkTimeout()I)
[0;39m[31m2024-03-30 19:54:39,570[0;39m [32m[INFO][0;39m com.zaxxer.hikari.HikariDataSource restartedMain [32mHikariPool-1 - Start completed.
[0;39m[31m2024-03-30 19:54:39,742[0;39m [32m[INFO][0;39m org.springframework.boot.devtools.autoconfigure.OptionalLiveReloadServer restartedMain [32mLiveReload server is running on port 35729
[0;39m[31m2024-03-30 19:54:39,774[0;39m [32m[INFO][0;39m org.springframework.boot.web.embedded.tomcat.TomcatWebServer restartedMain [32mTomcat started on port(s): 8011 (http) with context path ''
[0;39m[31m2024-03-30 19:54:39,790[0;39m [32m[INFO][0;39m com.jdbc.soap.TaskjdbcsoapApplication restartedMain [32mStarted TaskjdbcsoapApplication in 3.514 seconds (JVM running for 4.704)
[0;39m[31m2024-03-30 19:55:56,826[0;39m [32m[INFO][0;39m org.apache.catalina.core.ContainerBase.[Tomcat].[localhost].[/] http-nio-8011-exec-1 [32mInitializing Spring MessageDispatcherServlet 'messageDispatcherServlet'
[0;39m[31m2024-03-30 19:55:56,826[0;39m [32m[INFO][0;39m org.springframework.ws.transport.http.MessageDispatcherServlet http-nio-8011-exec-1 [32mInitializing Servlet 'messageDispatcherServlet'
[0;39m[31m2024-03-30 19:55:56,839[0;39m [32m[INFO][0;39m org.springframework.ws.soap.saaj.SaajSoapMessageFactory http-nio-8011-exec-1 [32mCreating SAAJ 1.3 MessageFactory with SOAP 1.1 Protocol
[0;39m[31m2024-03-30 19:55:56,873[0;39m [32m[INFO][0;39m org.springframework.ws.transport.http.MessageDispatcherServlet http-nio-8011-exec-1 [32mCompleted initialization in 47 ms
[0;39m[31m2024-03-30 19:55:57,243[0;39m [32m[INFO][0;39m org.apache.catalina.core.ContainerBase.[Tomcat].[localhost].[/] http-nio-8011-exec-4 [32mInitializing Spring DispatcherServlet 'dispatcherServlet'
[0;39m[31m2024-03-30 19:55:57,243[0;39m [32m[INFO][0;39m org.springframework.web.servlet.DispatcherServlet http-nio-8011-exec-4 [32mInitializing Servlet 'dispatcherServlet'
[0;39m[31m2024-03-30 19:55:57,243[0;39m [32m[INFO][0;39m org.springframework.web.servlet.DispatcherServlet http-nio-8011-exec-4 [32mCompleted initialization in 0 ms
[0;39m[31m2024-03-30 19:57:32,568[0;39m [32m[WARN][0;39m org.springframework.ws.server.EndpointNotFound http-nio-8011-exec-6 [32mNo endpoint mapping found for [SaajSoapMessage {http://transaction.services}addTransactionRequest]
[0;39m[31m2024-03-30 20:01:07,362[0;39m [32m[WARN][0;39m org.springframework.ws.server.EndpointNotFound http-nio-8011-exec-10 [32mNo endpoint mapping found for [SaajSoapMessage {http://transaction.services}addTransactionRequest]
[0;39m[31m2024-03-30 20:01:11,243[0;39m [32m[WARN][0;39m org.springframework.ws.server.EndpointNotFound http-nio-8011-exec-1 [32mNo endpoint mapping found for [SaajSoapMessage {http://transaction.services}addTransactionRequest]
[0;39m[31m2024-03-30 20:01:12,617[0;39m [32m[WARN][0;39m org.springframework.ws.server.EndpointNotFound http-nio-8011-exec-4 [32mNo endpoint mapping found for [SaajSoapMessage {http://transaction.services}addTransactionRequest]
[0;39m[31m2024-03-30 20:01:13,385[0;39m [32m[WARN][0;39m org.springframework.ws.server.EndpointNotFound http-nio-8011-exec-3 [32mNo endpoint mapping found for [SaajSoapMessage {http://transaction.services}addTransactionRequest]
[0;39m[31m2024-03-30 20:01:13,783[0;39m [32m[WARN][0;39m org.springframework.ws.server.EndpointNotFound http-nio-8011-exec-8 [32mNo endpoint mapping found for [SaajSoapMessage {http://transaction.services}addTransactionRequest]
[0;39m[31m2024-03-30 20:01:14,148[0;39m [32m[WARN][0;39m org.springframework.ws.server.EndpointNotFound http-nio-8011-exec-9 [32mNo endpoint mapping found for [SaajSoapMessage {http://transaction.services}addTransactionRequest]
[0;39m[31m2024-03-30 20:01:14,491[0;39m [32m[WARN][0;39m org.springframework.ws.server.EndpointNotFound http-nio-8011-exec-6 [32mNo endpoint mapping found for [SaajSoapMessage {http://transaction.services}addTransactionRequest]
[0;39m[31m2024-03-30 20:01:14,878[0;39m [32m[WARN][0;39m org.springframework.ws.server.EndpointNotFound http-nio-8011-exec-7 [32mNo endpoint mapping found for [SaajSoapMessage {http://transaction.services}addTransactionRequest]
[0;39m[31m2024-03-30 20:01:15,262[0;39m [32m[WARN][0;39m org.springframework.ws.server.EndpointNotFound http-nio-8011-exec-2 [32mNo endpoint mapping found for [SaajSoapMessage {http://transaction.services}addTransactionRequest]
[0;39m[31m2024-03-30 20:01:33,465[0;39m [32m[WARN][0;39m org.springframework.ws.server.EndpointNotFound http-nio-8011-exec-10 [32mNo endpoint mapping found for [SaajSoapMessage {http://transaction.services}addTransactionRequest]
[0;39m[31m2024-03-30 20:06:18,435[0;39m [32m[INFO][0;39m com.jdbc.soap.TaskjdbcsoapApplication restartedMain [32mStarting TaskjdbcsoapApplication using Java 1.8.0_292 on WPG02VB6F with PID 24344 (C:\DLTE-JAVA-FULL-STACK-AKSHIRA-2024\DLTE-TASK\taskjdbcsoap\target\classes started by xxnlnnqa in C:\DLTE-JAVA-FULL-STACK-AKSHIRA-2024\DLTE-TASK\taskjdbcsoap)
[0;39m[31m2024-03-30 20:06:18,435[0;39m [32m[INFO][0;39m com.jdbc.soap.TaskjdbcsoapApplication restartedMain [32mNo active profile set, falling back to 1 default profile: "default"
[0;39m[31m2024-03-30 20:06:18,472[0;39m [32m[INFO][0;39m org.springframework.boot.devtools.restart.ChangeableUrls restartedMain [32mThe Class-Path manifest attribute in C:\Users\xxnlnnqa\.m2\repository\com\oracle\database\security\oraclepki\21.5.0.0\oraclepki-21.5.0.0.jar referenced one or more files that do not exist: file:/C:/Users/xxnlnnqa/.m2/repository/com/oracle/database/security/oraclepki/21.5.0.0/osdt_core.jar,file:/C:/Users/xxnlnnqa/.m2/repository/com/oracle/database/security/oraclepki/21.5.0.0/osdt_cert.jar,file:/C:/Users/xxnlnnqa/.m2/repository/com/oracle/database/security/oraclepki/oracle.osdt/osdt_core.jar,file:/C:/Users/xxnlnnqa/.m2/repository/com/oracle/database/security/oraclepki/oracle.osdt/osdt_cert.jar
[0;39m[31m2024-03-30 20:06:18,472[0;39m [32m[INFO][0;39m org.springframework.boot.devtools.env.DevToolsPropertyDefaultsPostProcessor restartedMain [32mDevtools property defaults active! Set 'spring.devtools.add-properties' to 'false' to disable
[0;39m[31m2024-03-30 20:06:18,472[0;39m [32m[INFO][0;39m org.springframework.boot.devtools.env.DevToolsPropertyDefaultsPostProcessor restartedMain [32mFor additional web related logging consider setting the 'logging.level.web' property to 'DEBUG'
[0;39m[31m2024-03-30 20:06:19,075[0;39m [32m[INFO][0;39m org.springframework.data.repository.config.RepositoryConfigurationDelegate restartedMain [32mBootstrapping Spring Data JDBC repositories in DEFAULT mode.
[0;39m[31m2024-03-30 20:06:19,087[0;39m [32m[INFO][0;39m org.springframework.data.repository.config.RepositoryConfigurationDelegate restartedMain [32mFinished Spring Data repository scanning in 10 ms. Found 0 JDBC repository interfaces.
[0;39m[31m2024-03-30 20:06:19,244[0;39m [32m[INFO][0;39m org.springframework.context.support.PostProcessorRegistrationDelegate$BeanPostProcessorChecker restartedMain [32mBean 'soapServiceConfiguration' of type [com.jdbc.soap.SoapServiceConfiguration$$EnhancerBySpringCGLIB$$b9da7ff6] is not eligible for getting processed by all BeanPostProcessors (for example: not eligible for auto-proxying)
[0;39m[31m2024-03-30 20:06:19,244[0;39m [32m[INFO][0;39m org.springframework.context.support.PostProcessorRegistrationDelegate$BeanPostProcessorChecker restartedMain [32mBean 'org.springframework.ws.config.annotation.DelegatingWsConfiguration' of type [org.springframework.ws.config.annotation.DelegatingWsConfiguration$$EnhancerBySpringCGLIB$$c05ae807] is not eligible for getting processed by all BeanPostProcessors (for example: not eligible for auto-proxying)
[0;39m[31m2024-03-30 20:06:19,292[0;39m [32m[INFO][0;39m org.springframework.ws.soap.addressing.server.AnnotationActionEndpointMapping restartedMain [32mSupporting [WS-Addressing August 2004, WS-Addressing 1.0]
[0;39m[31m2024-03-30 20:06:19,606[0;39m [32m[INFO][0;39m org.springframework.boot.web.embedded.tomcat.TomcatWebServer restartedMain [32mTomcat initialized with port(s): 8011 (http)
[0;39m[31m2024-03-30 20:06:19,606[0;39m [32m[INFO][0;39m org.apache.catalina.core.StandardService restartedMain [32mStarting service [Tomcat]
[0;39m[31m2024-03-30 20:06:19,606[0;39m [32m[INFO][0;39m org.apache.catalina.core.StandardEngine restartedMain [32mStarting Servlet engine: [Apache Tomcat/9.0.73]
[0;39m[31m2024-03-30 20:06:19,795[0;39m [32m[INFO][0;39m org.apache.catalina.core.ContainerBase.[Tomcat].[localhost].[/] restartedMain [32mInitializing Spring embedded WebApplicationContext
[0;39m[31m2024-03-30 20:06:19,795[0;39m [32m[INFO][0;39m org.springframework.boot.web.servlet.context.ServletWebServerApplicationContext restartedMain [32mRoot WebApplicationContext: initialization completed in 1309 ms
[0;39m[31m2024-03-30 20:06:20,457[0;39m [32m[INFO][0;39m com.zaxxer.hikari.HikariDataSource restartedMain [32mHikariPool-1 - Starting...
[0;39m[31m2024-03-30 20:06:20,460[0;39m [32m[WARN][0;39m com.zaxxer.hikari.util.DriverDataSource restartedMain [32mRegistered driver with driverClassName=oracle.jdbc.driver.OracleDriver was not found, trying direct instantiation.
[0;39m[31m2024-03-30 20:06:20,544[0;39m [32m[INFO][0;39m com.zaxxer.hikari.pool.PoolBase restartedMain [32mHikariPool-1 - Driver does not support get/set network timeout for connections. (oracle.jdbc.driver.T4CConnection.getNetworkTimeout()I)
[0;39m[31m2024-03-30 20:06:20,551[0;39m [32m[INFO][0;39m com.zaxxer.hikari.HikariDataSource restartedMain [32mHikariPool-1 - Start completed.
[0;39m[31m2024-03-30 20:06:20,647[0;39m [32m[INFO][0;39m org.springframework.boot.devtools.autoconfigure.OptionalLiveReloadServer restartedMain [32mLiveReload server is running on port 35729
[0;39m[31m2024-03-30 20:06:20,678[0;39m [32m[INFO][0;39m org.springframework.boot.web.embedded.tomcat.TomcatWebServer restartedMain [32mTomcat started on port(s): 8011 (http) with context path ''
[0;39m[31m2024-03-30 20:06:20,693[0;39m [32m[INFO][0;39m com.jdbc.soap.TaskjdbcsoapApplication restartedMain [32mStarted TaskjdbcsoapApplication in 2.685 seconds (JVM running for 3.522)
[0;39m[31m2024-03-30 20:06:26,826[0;39m [32m[INFO][0;39m org.apache.catalina.core.ContainerBase.[Tomcat].[localhost].[/] http-nio-8011-exec-1 [32mInitializing Spring MessageDispatcherServlet 'messageDispatcherServlet'
[0;39m[31m2024-03-30 20:06:26,842[0;39m [32m[INFO][0;39m org.springframework.ws.transport.http.MessageDispatcherServlet http-nio-8011-exec-1 [32mInitializing Servlet 'messageDispatcherServlet'
[0;39m[31m2024-03-30 20:06:26,842[0;39m [32m[INFO][0;39m org.springframework.ws.soap.saaj.SaajSoapMessageFactory http-nio-8011-exec-1 [32mCreating SAAJ 1.3 MessageFactory with SOAP 1.1 Protocol
[0;39m[31m2024-03-30 20:06:26,842[0;39m [32m[INFO][0;39m org.springframework.ws.transport.http.MessageDispatcherServlet http-nio-8011-exec-1 [32mCompleted initialization in 0 ms
[0;39m[31m2024-03-30 20:07:11,339[0;39m [32m[WARN][0;39m org.springframework.ws.server.EndpointNotFound http-nio-8011-exec-3 [32mNo endpoint mapping found for [SaajSoapMessage {http://transaction.services}addTransactionRequest]
[0;39m[31m2024-03-30 20:09:37,688[0;39m [32m[WARN][0;39m org.springframework.ws.server.EndpointNotFound http-nio-8011-exec-2 [32mNo endpoint mapping found for [SaajSoapMessage {http://transaction.services}addTransactionRequest]
[0;39m[31m2024-03-30 20:09:39,257[0;39m [32m[WARN][0;39m org.springframework.ws.server.EndpointNotFound http-nio-8011-exec-3 [32mNo endpoint mapping found for [SaajSoapMessage {http://transaction.services}addTransactionRequest]
[0;39m[31m2024-03-30 20:09:40,240[0;39m [32m[WARN][0;39m org.springframework.ws.server.EndpointNotFound http-nio-8011-exec-4 [32mNo endpoint mapping found for [SaajSoapMessage {http://transaction.services}addTransactionRequest]
[0;39m[31m2024-03-30 20:09:40,955[0;39m [32m[WARN][0;39m org.springframework.ws.server.EndpointNotFound http-nio-8011-exec-5 [32mNo endpoint mapping found for [SaajSoapMessage {http://transaction.services}addTransactionRequest]
[0;39m[31m2024-03-30 20:09:41,330[0;39m [32m[WARN][0;39m org.springframework.ws.server.EndpointNotFound http-nio-8011-exec-6 [32mNo endpoint mapping found for [SaajSoapMessage {http://transaction.services}addTransactionRequest]
[0;39m[31m2024-03-30 20:09:41,703[0;39m [32m[WARN][0;39m org.springframework.ws.server.EndpointNotFound http-nio-8011-exec-7 [32mNo endpoint mapping found for [SaajSoapMessage {http://transaction.services}addTransactionRequest]
[0;39m[31m2024-03-30 20:14:45,743[0;39m [32m[INFO][0;39m com.jdbc.soap.TaskjdbcsoapApplication restartedMain [32mStarting TaskjdbcsoapApplication using Java 1.8.0_292 on WPG02VB6F with PID 10268 (C:\DLTE-JAVA-FULL-STACK-AKSHIRA-2024\DLTE-TASK\taskjdbcsoap\target\classes started by xxnlnnqa in C:\DLTE-JAVA-FULL-STACK-AKSHIRA-2024\DLTE-TASK\taskjdbcsoap)
[0;39m[31m2024-03-30 20:14:45,743[0;39m [32m[INFO][0;39m com.jdbc.soap.TaskjdbcsoapApplication restartedMain [32mNo active profile set, falling back to 1 default profile: "default"
[0;39m[31m2024-03-30 20:14:45,786[0;39m [32m[INFO][0;39m org.springframework.boot.devtools.restart.ChangeableUrls restartedMain [32mThe Class-Path manifest attribute in C:\Users\xxnlnnqa\.m2\repository\com\oracle\database\security\oraclepki\21.5.0.0\oraclepki-21.5.0.0.jar referenced one or more files that do not exist: file:/C:/Users/xxnlnnqa/.m2/repository/com/oracle/database/security/oraclepki/21.5.0.0/osdt_core.jar,file:/C:/Users/xxnlnnqa/.m2/repository/com/oracle/database/security/oraclepki/21.5.0.0/osdt_cert.jar,file:/C:/Users/xxnlnnqa/.m2/repository/com/oracle/database/security/oraclepki/oracle.osdt/osdt_core.jar,file:/C:/Users/xxnlnnqa/.m2/repository/com/oracle/database/security/oraclepki/oracle.osdt/osdt_cert.jar
[0;39m[31m2024-03-30 20:14:45,786[0;39m [32m[INFO][0;39m org.springframework.boot.devtools.env.DevToolsPropertyDefaultsPostProcessor restartedMain [32mDevtools property defaults active! Set 'spring.devtools.add-properties' to 'false' to disable
[0;39m[31m2024-03-30 20:14:45,786[0;39m [32m[INFO][0;39m org.springframework.boot.devtools.env.DevToolsPropertyDefaultsPostProcessor restartedMain [32mFor additional web related logging consider setting the 'logging.level.web' property to 'DEBUG'
[0;39m[31m2024-03-30 20:14:46,354[0;39m [32m[INFO][0;39m org.springframework.data.repository.config.RepositoryConfigurationDelegate restartedMain [32mBootstrapping Spring Data JDBC repositories in DEFAULT mode.
[0;39m[31m2024-03-30 20:14:46,358[0;39m [32m[INFO][0;39m org.springframework.data.repository.config.RepositoryConfigurationDelegate restartedMain [32mFinished Spring Data repository scanning in 6 ms. Found 0 JDBC repository interfaces.
[0;39m[31m2024-03-30 20:14:46,543[0;39m [32m[INFO][0;39m org.springframework.context.support.PostProcessorRegistrationDelegate$BeanPostProcessorChecker restartedMain [32mBean 'soapServiceConfiguration' of type [com.jdbc.soap.SoapServiceConfiguration$$EnhancerBySpringCGLIB$$b2e367bd] is not eligible for getting processed by all BeanPostProcessors (for example: not eligible for auto-proxying)
[0;39m[31m2024-03-30 20:14:46,543[0;39m [32m[INFO][0;39m org.springframework.context.support.PostProcessorRegistrationDelegate$BeanPostProcessorChecker restartedMain [32mBean 'org.springframework.ws.config.annotation.DelegatingWsConfiguration' of type [org.springframework.ws.config.annotation.DelegatingWsConfiguration$$EnhancerBySpringCGLIB$$b963cfce] is not eligible for getting processed by all BeanPostProcessors (for example: not eligible for auto-proxying)
[0;39m[31m2024-03-30 20:14:46,575[0;39m [32m[INFO][0;39m org.springframework.ws.soap.addressing.server.AnnotationActionEndpointMapping restartedMain [32mSupporting [WS-Addressing August 2004, WS-Addressing 1.0]
[0;39m[31m2024-03-30 20:14:46,811[0;39m [32m[INFO][0;39m org.springframework.boot.web.embedded.tomcat.TomcatWebServer restartedMain [32mTomcat initialized with port(s): 8011 (http)
[0;39m[31m2024-03-30 20:14:46,827[0;39m [32m[INFO][0;39m org.apache.catalina.core.StandardService restartedMain [32mStarting service [Tomcat]
[0;39m[31m2024-03-30 20:14:46,827[0;39m [32m[INFO][0;39m org.apache.catalina.core.StandardEngine restartedMain [32mStarting Servlet engine: [Apache Tomcat/9.0.73]
[0;39m[31m2024-03-30 20:14:46,959[0;39m [32m[INFO][0;39m org.apache.catalina.core.ContainerBase.[Tomcat].[localhost].[/] restartedMain [32mInitializing Spring embedded WebApplicationContext
[0;39m[31m2024-03-30 20:14:46,959[0;39m [32m[INFO][0;39m org.springframework.boot.web.servlet.context.ServletWebServerApplicationContext restartedMain [32mRoot WebApplicationContext: initialization completed in 1173 ms
[0;39m[31m2024-03-30 20:14:47,395[0;39m [32m[INFO][0;39m com.zaxxer.hikari.HikariDataSource restartedMain [32mHikariPool-1 - Starting...
[0;39m[31m2024-03-30 20:14:47,395[0;39m [32m[WARN][0;39m com.zaxxer.hikari.util.DriverDataSource restartedMain [32mRegistered driver with driverClassName=oracle.jdbc.driver.OracleDriver was not found, trying direct instantiation.
[0;39m[31m2024-03-30 20:14:47,505[0;39m [32m[INFO][0;39m com.zaxxer.hikari.pool.PoolBase restartedMain [32mHikariPool-1 - Driver does not support get/set network timeout for connections. (oracle.jdbc.driver.T4CConnection.getNetworkTimeout()I)
[0;39m[31m2024-03-30 20:14:47,505[0;39m [32m[INFO][0;39m com.zaxxer.hikari.HikariDataSource restartedMain [32mHikariPool-1 - Start completed.
[0;39m[31m2024-03-30 20:14:47,616[0;39m [32m[INFO][0;39m org.springframework.boot.devtools.autoconfigure.OptionalLiveReloadServer restartedMain [32mLiveReload server is running on port 35729
[0;39m[31m2024-03-30 20:14:47,647[0;39m [32m[INFO][0;39m org.springframework.boot.web.embedded.tomcat.TomcatWebServer restartedMain [32mTomcat started on port(s): 8011 (http) with context path ''
[0;39m[31m2024-03-30 20:14:47,663[0;39m [32m[INFO][0;39m com.jdbc.soap.TaskjdbcsoapApplication restartedMain [32mStarted TaskjdbcsoapApplication in 2.289 seconds (JVM running for 3.108)
[0;39m[31m2024-03-30 20:14:56,643[0;39m [32m[INFO][0;39m org.apache.catalina.core.ContainerBase.[Tomcat].[localhost].[/] http-nio-8011-exec-1 [32mInitializing Spring MessageDispatcherServlet 'messageDispatcherServlet'
[0;39m[31m2024-03-30 20:14:56,643[0;39m [32m[INFO][0;39m org.springframework.ws.transport.http.MessageDispatcherServlet http-nio-8011-exec-1 [32mInitializing Servlet 'messageDispatcherServlet'
[0;39m[31m2024-03-30 20:14:56,659[0;39m [32m[INFO][0;39m org.springframework.ws.soap.saaj.SaajSoapMessageFactory http-nio-8011-exec-1 [32mCreating SAAJ 1.3 MessageFactory with SOAP 1.1 Protocol
[0;39m[31m2024-03-30 20:14:56,659[0;39m [32m[INFO][0;39m org.springframework.ws.transport.http.MessageDispatcherServlet http-nio-8011-exec-1 [32mCompleted initialization in 16 ms
[0;39m[31m2024-03-30 20:15:31,921[0;39m [32m[WARN][0;39m org.springframework.ws.server.EndpointNotFound http-nio-8011-exec-3 [32mNo endpoint mapping found for [SaajSoapMessage {http://transaction.services}addTransactionRequest]
[0;39m[31m2024-03-30 20:15:37,437[0;39m [32m[WARN][0;39m org.springframework.ws.server.EndpointNotFound http-nio-8011-exec-5 [32mNo endpoint mapping found for [SaajSoapMessage {http://transaction.services}addTransactionRequest]
[0;39m[31m2024-03-30 20:15:38,403[0;39m [32m[WARN][0;39m org.springframework.ws.server.EndpointNotFound http-nio-8011-exec-6 [32mNo endpoint mapping found for [SaajSoapMessage {http://transaction.services}addTransactionRequest]
[0;39m[31m2024-03-30 20:15:38,732[0;39m [32m[WARN][0;39m org.springframework.ws.server.EndpointNotFound http-nio-8011-exec-4 [32mNo endpoint mapping found for [SaajSoapMessage {http://transaction.services}addTransactionRequest]
[0;39m[31m2024-03-30 20:15:39,081[0;39m [32m[WARN][0;39m org.springframework.ws.server.EndpointNotFound http-nio-8011-exec-7 [32mNo endpoint mapping found for [SaajSoapMessage {http://transaction.services}addTransactionRequest]
[0;39m[31m2024-03-30 20:18:10,780[0;39m [32m[INFO][0;39m com.jdbc.soap.TaskjdbcsoapApplication restartedMain [32mStarting TaskjdbcsoapApplication using Java 1.8.0_292 on WPG02VB6F with PID 7384 (C:\DLTE-JAVA-FULL-STACK-AKSHIRA-2024\DLTE-TASK\taskjdbcsoap\target\classes started by xxnlnnqa in C:\DLTE-JAVA-FULL-STACK-AKSHIRA-2024\DLTE-TASK\taskjdbcsoap)
[0;39m[31m2024-03-30 20:18:10,780[0;39m [32m[INFO][0;39m com.jdbc.soap.TaskjdbcsoapApplication restartedMain [32mNo active profile set, falling back to 1 default profile: "default"
[0;39m[31m2024-03-30 20:18:10,843[0;39m [32m[INFO][0;39m org.springframework.boot.devtools.restart.ChangeableUrls restartedMain [32mThe Class-Path manifest attribute in C:\Users\xxnlnnqa\.m2\repository\com\oracle\database\security\oraclepki\21.5.0.0\oraclepki-21.5.0.0.jar referenced one or more files that do not exist: file:/C:/Users/xxnlnnqa/.m2/repository/com/oracle/database/security/oraclepki/21.5.0.0/osdt_core.jar,file:/C:/Users/xxnlnnqa/.m2/repository/com/oracle/database/security/oraclepki/21.5.0.0/osdt_cert.jar,file:/C:/Users/xxnlnnqa/.m2/repository/com/oracle/database/security/oraclepki/oracle.osdt/osdt_core.jar,file:/C:/Users/xxnlnnqa/.m2/repository/com/oracle/database/security/oraclepki/oracle.osdt/osdt_cert.jar
[0;39m[31m2024-03-30 20:18:10,843[0;39m [32m[INFO][0;39m org.springframework.boot.devtools.env.DevToolsPropertyDefaultsPostProcessor restartedMain [32mDevtools property defaults active! Set 'spring.devtools.add-properties' to 'false' to disable
[0;39m[31m2024-03-30 20:18:10,843[0;39m [32m[INFO][0;39m org.springframework.boot.devtools.env.DevToolsPropertyDefaultsPostProcessor restartedMain [32mFor additional web related logging consider setting the 'logging.level.web' property to 'DEBUG'
[0;39m[31m2024-03-30 20:18:11,442[0;39m [32m[INFO][0;39m org.springframework.data.repository.config.RepositoryConfigurationDelegate restartedMain [32mBootstrapping Spring Data JDBC repositories in DEFAULT mode.
[0;39m[31m2024-03-30 20:18:11,448[0;39m [32m[INFO][0;39m org.springframework.data.repository.config.RepositoryConfigurationDelegate restartedMain [32mFinished Spring Data repository scanning in 5 ms. Found 0 JDBC repository interfaces.
[0;39m[31m2024-03-30 20:18:11,617[0;39m [32m[INFO][0;39m org.springframework.context.support.PostProcessorRegistrationDelegate$BeanPostProcessorChecker restartedMain [32mBean 'soapServiceConfiguration' of type [com.jdbc.soap.SoapServiceConfiguration$$EnhancerBySpringCGLIB$$32ce7772] is not eligible for getting processed by all BeanPostProcessors (for example: not eligible for auto-proxying)
[0;39m[31m2024-03-30 20:18:11,617[0;39m [32m[INFO][0;39m org.springframework.context.support.PostProcessorRegistrationDelegate$BeanPostProcessorChecker restartedMain [32mBean 'org.springframework.ws.config.annotation.DelegatingWsConfiguration' of type [org.springframework.ws.config.annotation.DelegatingWsConfiguration$$EnhancerBySpringCGLIB$$394edf83] is not eligible for getting processed by all BeanPostProcessors (for example: not eligible for auto-proxying)
[0;39m[31m2024-03-30 20:18:11,664[0;39m [32m[INFO][0;39m org.springframework.ws.soap.addressing.server.AnnotationActionEndpointMapping restartedMain [32mSupporting [WS-Addressing August 2004, WS-Addressing 1.0]
[0;39m[31m2024-03-30 20:18:11,916[0;39m [32m[INFO][0;39m org.springframework.boot.web.embedded.tomcat.TomcatWebServer restartedMain [32mTomcat initialized with port(s): 8011 (http)
[0;39m[31m2024-03-30 20:18:11,932[0;39m [32m[INFO][0;39m org.apache.catalina.core.StandardService restartedMain [32mStarting service [Tomcat]
[0;39m[31m2024-03-30 20:18:11,932[0;39m [32m[INFO][0;39m org.apache.catalina.core.StandardEngine restartedMain [32mStarting Servlet engine: [Apache Tomcat/9.0.73]
[0;39m[31m2024-03-30 20:18:12,106[0;39m [32m[INFO][0;39m org.apache.catalina.core.ContainerBase.[Tomcat].[localhost].[/] restartedMain [32mInitializing Spring embedded WebApplicationContext
[0;39m[31m2024-03-30 20:18:12,106[0;39m [32m[INFO][0;39m org.springframework.boot.web.servlet.context.ServletWebServerApplicationContext restartedMain [32mRoot WebApplicationContext: initialization completed in 1263 ms
[0;39m[31m2024-03-30 20:18:12,610[0;39m [32m[INFO][0;39m com.zaxxer.hikari.HikariDataSource restartedMain [32mHikariPool-1 - Starting...
[0;39m[31m2024-03-30 20:18:12,610[0;39m [32m[WARN][0;39m com.zaxxer.hikari.util.DriverDataSource restartedMain [32mRegistered driver with driverClassName=oracle.jdbc.driver.OracleDriver was not found, trying direct instantiation.
[0;39m[31m2024-03-30 20:18:12,815[0;39m [32m[INFO][0;39m com.zaxxer.hikari.pool.PoolBase restartedMain [32mHikariPool-1 - Driver does not support get/set network timeout for connections. (oracle.jdbc.driver.T4CConnection.getNetworkTimeout()I)
[0;39m[31m2024-03-30 20:18:12,815[0;39m [32m[INFO][0;39m com.zaxxer.hikari.HikariDataSource restartedMain [32mHikariPool-1 - Start completed.
[0;39m[31m2024-03-30 20:18:12,909[0;39m [32m[INFO][0;39m org.springframework.boot.devtools.autoconfigure.OptionalLiveReloadServer restartedMain [32mLiveReload server is running on port 35729
[0;39m[31m2024-03-30 20:18:12,941[0;39m [32m[INFO][0;39m org.springframework.boot.web.embedded.tomcat.TomcatWebServer restartedMain [32mTomcat started on port(s): 8011 (http) with context path ''
[0;39m[31m2024-03-30 20:18:12,956[0;39m [32m[INFO][0;39m com.jdbc.soap.TaskjdbcsoapApplication restartedMain [32mStarted TaskjdbcsoapApplication in 2.494 seconds (JVM running for 3.276)
[0;39m[31m2024-03-30 20:18:29,979[0;39m [32m[INFO][0;39m org.apache.catalina.core.ContainerBase.[Tomcat].[localhost].[/] http-nio-8011-exec-1 [32mInitializing Spring MessageDispatcherServlet 'messageDispatcherServlet'
[0;39m[31m2024-03-30 20:18:29,981[0;39m [32m[INFO][0;39m org.springframework.ws.transport.http.MessageDispatcherServlet http-nio-8011-exec-1 [32mInitializing Servlet 'messageDispatcherServlet'
[0;39m[31m2024-03-30 20:18:29,987[0;39m [32m[INFO][0;39m org.springframework.ws.soap.saaj.SaajSoapMessageFactory http-nio-8011-exec-1 [32mCreating SAAJ 1.3 MessageFactory with SOAP 1.1 Protocol
[0;39m[31m2024-03-30 20:18:30,008[0;39m [32m[INFO][0;39m org.springframework.ws.transport.http.MessageDispatcherServlet http-nio-8011-exec-1 [32mCompleted initialization in 27 ms
[0;39m[31m2024-03-30 20:18:35,242[0;39m [32m[INFO][0;39m org.apache.catalina.core.ContainerBase.[Tomcat].[localhost].[/] http-nio-8011-exec-2 [32mInitializing Spring DispatcherServlet 'dispatcherServlet'
[0;39m[31m2024-03-30 20:18:35,243[0;39m [32m[INFO][0;39m org.springframework.web.servlet.DispatcherServlet http-nio-8011-exec-2 [32mInitializing Servlet 'dispatcherServlet'
[0;39m[31m2024-03-30 20:18:35,244[0;39m [32m[INFO][0;39m org.springframework.web.servlet.DispatcherServlet http-nio-8011-exec-2 [32mCompleted initialization in 1 ms
[0;39m[31m2024-03-30 20:19:12,442[0;39m [32m[WARN][0;39m org.springframework.ws.server.EndpointNotFound http-nio-8011-exec-5 [32mNo endpoint mapping found for [SaajSoapMessage {http://transaction.services}addTransactionRequest]
[0;39m[31m2024-03-30 20:19:19,621[0;39m [32m[WARN][0;39m org.springframework.ws.server.EndpointNotFound http-nio-8011-exec-6 [32mNo endpoint mapping found for [SaajSoapMessage {http://transaction.services}addTransactionRequest]
[0;39m[31m2024-03-30 20:19:20,383[0;39m [32m[WARN][0;39m org.springframework.ws.server.EndpointNotFound http-nio-8011-exec-7 [32mNo endpoint mapping found for [SaajSoapMessage {http://transaction.services}addTransactionRequest]
[0;39m[31m2024-03-30 20:19:20,773[0;39m [32m[WARN][0;39m org.springframework.ws.server.EndpointNotFound http-nio-8011-exec-8 [32mNo endpoint mapping found for [SaajSoapMessage {http://transaction.services}addTransactionRequest]
[0;39m[31m2024-03-30 20:19:21,123[0;39m [32m[WARN][0;39m org.springframework.ws.server.EndpointNotFound http-nio-8011-exec-9 [32mNo endpoint mapping found for [SaajSoapMessage {http://transaction.services}addTransactionRequest]
[0;39m[31m2024-03-30 20:19:21,511[0;39m [32m[WARN][0;39m org.springframework.ws.server.EndpointNotFound http-nio-8011-exec-10 [32mNo endpoint mapping found for [SaajSoapMessage {http://transaction.services}addTransactionRequest]
[0;39m[31m2024-03-30 20:26:23,278[0;39m [32m[INFO][0;39m com.jdbc.soap.TaskjdbcsoapApplication restartedMain [32mStarting TaskjdbcsoapApplication using Java 1.8.0_292 on WPG02VB6F with PID 3944 (C:\DLTE-JAVA-FULL-STACK-AKSHIRA-2024\DLTE-TASK\taskjdbcsoap\target\classes started by xxnlnnqa in C:\DLTE-JAVA-FULL-STACK-AKSHIRA-2024\DLTE-TASK\taskjdbcsoap)
[0;39m[31m2024-03-30 20:26:23,278[0;39m [32m[INFO][0;39m com.jdbc.soap.TaskjdbcsoapApplication restartedMain [32mNo active profile set, falling back to 1 default profile: "default"
[0;39m[31m2024-03-30 20:26:23,326[0;39m [32m[INFO][0;39m org.springframework.boot.devtools.restart.ChangeableUrls restartedMain [32mThe Class-Path manifest attribute in C:\Users\xxnlnnqa\.m2\repository\com\oracle\database\security\oraclepki\21.5.0.0\oraclepki-21.5.0.0.jar referenced one or more files that do not exist: file:/C:/Users/xxnlnnqa/.m2/repository/com/oracle/database/security/oraclepki/21.5.0.0/osdt_core.jar,file:/C:/Users/xxnlnnqa/.m2/repository/com/oracle/database/security/oraclepki/21.5.0.0/osdt_cert.jar,file:/C:/Users/xxnlnnqa/.m2/repository/com/oracle/database/security/oraclepki/oracle.osdt/osdt_core.jar,file:/C:/Users/xxnlnnqa/.m2/repository/com/oracle/database/security/oraclepki/oracle.osdt/osdt_cert.jar
[0;39m[31m2024-03-30 20:26:23,326[0;39m [32m[INFO][0;39m org.springframework.boot.devtools.env.DevToolsPropertyDefaultsPostProcessor restartedMain [32mDevtools property defaults active! Set 'spring.devtools.add-properties' to 'false' to disable
[0;39m[31m2024-03-30 20:26:23,326[0;39m [32m[INFO][0;39m org.springframework.boot.devtools.env.DevToolsPropertyDefaultsPostProcessor restartedMain [32mFor additional web related logging consider setting the 'logging.level.web' property to 'DEBUG'
[0;39m[31m2024-03-30 20:26:23,880[0;39m [32m[INFO][0;39m org.springframework.data.repository.config.RepositoryConfigurationDelegate restartedMain [32mBootstrapping Spring Data JDBC repositories in DEFAULT mode.
[0;39m[31m2024-03-30 20:26:23,895[0;39m [32m[INFO][0;39m org.springframework.data.repository.config.RepositoryConfigurationDelegate restartedMain [32mFinished Spring Data repository scanning in 5 ms. Found 0 JDBC repository interfaces.
[0;39m[31m2024-03-30 20:26:24,036[0;39m [32m[INFO][0;39m org.springframework.context.support.PostProcessorRegistrationDelegate$BeanPostProcessorChecker restartedMain [32mBean 'soapServiceConfiguration' of type [com.jdbc.soap.SoapServiceConfiguration$$EnhancerBySpringCGLIB$$6133294e] is not eligible for getting processed by all BeanPostProcessors (for example: not eligible for auto-proxying)
[0;39m[31m2024-03-30 20:26:24,036[0;39m [32m[INFO][0;39m org.springframework.context.support.PostProcessorRegistrationDelegate$BeanPostProcessorChecker restartedMain [32mBean 'org.springframework.ws.config.annotation.DelegatingWsConfiguration' of type [org.springframework.ws.config.annotation.DelegatingWsConfiguration$$EnhancerBySpringCGLIB$$67b3915f] is not eligible for getting processed by all BeanPostProcessors (for example: not eligible for auto-proxying)
[0;39m[31m2024-03-30 20:26:24,084[0;39m [32m[INFO][0;39m org.springframework.ws.soap.addressing.server.AnnotationActionEndpointMapping restartedMain [32mSupporting [WS-Addressing August 2004, WS-Addressing 1.0]
[0;39m[31m2024-03-30 20:26:24,335[0;39m [32m[INFO][0;39m org.springframework.boot.web.embedded.tomcat.TomcatWebServer restartedMain [32mTomcat initialized with port(s): 8011 (http)
[0;39m[31m2024-03-30 20:26:24,335[0;39m [32m[INFO][0;39m org.apache.catalina.core.StandardService restartedMain [32mStarting service [Tomcat]
[0;39m[31m2024-03-30 20:26:24,335[0;39m [32m[INFO][0;39m org.apache.catalina.core.StandardEngine restartedMain [32mStarting Servlet engine: [Apache Tomcat/9.0.73]
[0;39m[31m2024-03-30 20:26:24,478[0;39m [32m[INFO][0;39m org.apache.catalina.core.ContainerBase.[Tomcat].[localhost].[/] restartedMain [32mInitializing Spring embedded WebApplicationContext
[0;39m[31m2024-03-30 20:26:24,478[0;39m [32m[INFO][0;39m org.springframework.boot.web.servlet.context.ServletWebServerApplicationContext restartedMain [32mRoot WebApplicationContext: initialization completed in 1137 ms
[0;39m[31m2024-03-30 20:26:24,903[0;39m [32m[INFO][0;39m com.zaxxer.hikari.HikariDataSource restartedMain [32mHikariPool-1 - Starting...
[0;39m[31m2024-03-30 20:26:24,903[0;39m [32m[WARN][0;39m com.zaxxer.hikari.util.DriverDataSource restartedMain [32mRegistered driver with driverClassName=oracle.jdbc.driver.OracleDriver was not found, trying direct instantiation.
[0;39m[31m2024-03-30 20:26:24,982[0;39m [32m[INFO][0;39m com.zaxxer.hikari.pool.PoolBase restartedMain [32mHikariPool-1 - Driver does not support get/set network timeout for connections. (oracle.jdbc.driver.T4CConnection.getNetworkTimeout()I)
[0;39m[31m2024-03-30 20:26:24,982[0;39m [32m[INFO][0;39m com.zaxxer.hikari.HikariDataSource restartedMain [32mHikariPool-1 - Start completed.
[0;39m[31m2024-03-30 20:26:25,076[0;39m [32m[INFO][0;39m org.springframework.boot.devtools.autoconfigure.OptionalLiveReloadServer restartedMain [32mLiveReload server is running on port 35729
[0;39m[31m2024-03-30 20:26:25,108[0;39m [32m[INFO][0;39m org.springframework.boot.web.embedded.tomcat.TomcatWebServer restartedMain [32mTomcat started on port(s): 8011 (http) with context path ''
[0;39m[31m2024-03-30 20:26:25,108[0;39m [32m[INFO][0;39m com.jdbc.soap.TaskjdbcsoapApplication restartedMain [32mStarted TaskjdbcsoapApplication in 2.213 seconds (JVM running for 3.09)
[0;39m[31m2024-03-30 20:26:35,373[0;39m [32m[INFO][0;39m org.apache.catalina.core.ContainerBase.[Tomcat].[localhost].[/] http-nio-8011-exec-1 [32mInitializing Spring MessageDispatcherServlet 'messageDispatcherServlet'
[0;39m[31m2024-03-30 20:26:35,373[0;39m [32m[INFO][0;39m org.springframework.ws.transport.http.MessageDispatcherServlet http-nio-8011-exec-1 [32mInitializing Servlet 'messageDispatcherServlet'
[0;39m[31m2024-03-30 20:26:35,388[0;39m [32m[INFO][0;39m org.springframework.ws.soap.saaj.SaajSoapMessageFactory http-nio-8011-exec-1 [32mCreating SAAJ 1.3 MessageFactory with SOAP 1.1 Protocol
[0;39m[31m2024-03-30 20:26:35,396[0;39m [32m[INFO][0;39m org.springframework.ws.transport.http.MessageDispatcherServlet http-nio-8011-exec-1 [32mCompleted initialization in 23 ms
[0;39m[31m2024-03-30 20:27:02,193[0;39m [32m[WARN][0;39m org.springframework.ws.server.EndpointNotFound http-nio-8011-exec-9 [32mNo endpoint mapping found for [SaajSoapMessage {http://transaction.services}addTransactionRequest]
[0;39m[31m2024-03-30 20:30:46,120[0;39m [32m[INFO][0;39m com.jdbc.soap.TaskjdbcsoapApplication restartedMain [32mStarting TaskjdbcsoapApplication using Java 1.8.0_292 on WPG02VB6F with PID 24048 (C:\DLTE-JAVA-FULL-STACK-AKSHIRA-2024\DLTE-TASK\taskjdbcsoap\target\classes started by xxnlnnqa in C:\DLTE-JAVA-FULL-STACK-AKSHIRA-2024\DLTE-TASK\taskjdbcsoap)
[0;39m[31m2024-03-30 20:30:46,121[0;39m [32m[INFO][0;39m com.jdbc.soap.TaskjdbcsoapApplication restartedMain [32mNo active profile set, falling back to 1 default profile: "default"
[0;39m[31m2024-03-30 20:30:46,174[0;39m [32m[INFO][0;39m org.springframework.boot.devtools.restart.ChangeableUrls restartedMain [32mThe Class-Path manifest attribute in C:\Users\xxnlnnqa\.m2\repository\com\oracle\database\security\oraclepki\21.5.0.0\oraclepki-21.5.0.0.jar referenced one or more files that do not exist: file:/C:/Users/xxnlnnqa/.m2/repository/com/oracle/database/security/oraclepki/21.5.0.0/osdt_core.jar,file:/C:/Users/xxnlnnqa/.m2/repository/com/oracle/database/security/oraclepki/21.5.0.0/osdt_cert.jar,file:/C:/Users/xxnlnnqa/.m2/repository/com/oracle/database/security/oraclepki/oracle.osdt/osdt_core.jar,file:/C:/Users/xxnlnnqa/.m2/repository/com/oracle/database/security/oraclepki/oracle.osdt/osdt_cert.jar
[0;39m[31m2024-03-30 20:30:46,174[0;39m [32m[INFO][0;39m org.springframework.boot.devtools.env.DevToolsPropertyDefaultsPostProcessor restartedMain [32mDevtools property defaults active! Set 'spring.devtools.add-properties' to 'false' to disable
[0;39m[31m2024-03-30 20:30:46,174[0;39m [32m[INFO][0;39m org.springframework.boot.devtools.env.DevToolsPropertyDefaultsPostProcessor restartedMain [32mFor additional web related logging consider setting the 'logging.level.web' property to 'DEBUG'
[0;39m[31m2024-03-30 20:30:46,709[0;39m [32m[INFO][0;39m org.springframework.data.repository.config.RepositoryConfigurationDelegate restartedMain [32mBootstrapping Spring Data JDBC repositories in DEFAULT mode.
[0;39m[31m2024-03-30 20:30:46,725[0;39m [32m[INFO][0;39m org.springframework.data.repository.config.RepositoryConfigurationDelegate restartedMain [32mFinished Spring Data repository scanning in 9 ms. Found 0 JDBC repository interfaces.
[0;39m[31m2024-03-30 20:30:46,914[0;39m [32m[INFO][0;39m org.springframework.context.support.PostProcessorRegistrationDelegate$BeanPostProcessorChecker restartedMain [32mBean 'soapServiceConfiguration' of type [com.jdbc.soap.SoapServiceConfiguration$$EnhancerBySpringCGLIB$$6133294e] is not eligible for getting processed by all BeanPostProcessors (for example: not eligible for auto-proxying)
[0;39m[31m2024-03-30 20:30:46,914[0;39m [32m[INFO][0;39m org.springframework.context.support.PostProcessorRegistrationDelegate$BeanPostProcessorChecker restartedMain [32mBean 'org.springframework.ws.config.annotation.DelegatingWsConfiguration' of type [org.springframework.ws.config.annotation.DelegatingWsConfiguration$$EnhancerBySpringCGLIB$$67b3915f] is not eligible for getting processed by all BeanPostProcessors (for example: not eligible for auto-proxying)
[0;39m[31m2024-03-30 20:30:46,965[0;39m [32m[INFO][0;39m org.springframework.ws.soap.addressing.server.AnnotationActionEndpointMapping restartedMain [32mSupporting [WS-Addressing August 2004, WS-Addressing 1.0]
[0;39m[31m2024-03-30 20:30:47,245[0;39m [32m[INFO][0;39m org.springframework.boot.web.embedded.tomcat.TomcatWebServer restartedMain [32mTomcat initialized with port(s): 8011 (http)
[0;39m[31m2024-03-30 20:30:47,260[0;39m [32m[INFO][0;39m org.apache.catalina.core.StandardService restartedMain [32mStarting service [Tomcat]
[0;39m[31m2024-03-30 20:30:47,260[0;39m [32m[INFO][0;39m org.apache.catalina.core.StandardEngine restartedMain [32mStarting Servlet engine: [Apache Tomcat/9.0.73]
[0;39m[31m2024-03-30 20:30:47,394[0;39m [32m[INFO][0;39m org.apache.catalina.core.ContainerBase.[Tomcat].[localhost].[/] restartedMain [32mInitializing Spring embedded WebApplicationContext
[0;39m[31m2024-03-30 20:30:47,394[0;39m [32m[INFO][0;39m org.springframework.boot.web.servlet.context.ServletWebServerApplicationContext restartedMain [32mRoot WebApplicationContext: initialization completed in 1218 ms
[0;39m[31m2024-03-30 20:30:47,873[0;39m [32m[INFO][0;39m com.zaxxer.hikari.HikariDataSource restartedMain [32mHikariPool-1 - Starting...
[0;39m[31m2024-03-30 20:30:47,889[0;39m [32m[WARN][0;39m com.zaxxer.hikari.util.DriverDataSource restartedMain [32mRegistered driver with driverClassName=oracle.jdbc.driver.OracleDriver was not found, trying direct instantiation.
[0;39m[31m2024-03-30 20:30:47,984[0;39m [32m[INFO][0;39m com.zaxxer.hikari.pool.PoolBase restartedMain [32mHikariPool-1 - Driver does not support get/set network timeout for connections. (oracle.jdbc.driver.T4CConnection.getNetworkTimeout()I)
[0;39m[31m2024-03-30 20:30:47,984[0;39m [32m[INFO][0;39m com.zaxxer.hikari.HikariDataSource restartedMain [32mHikariPool-1 - Start completed.
[0;39m[31m2024-03-30 20:30:48,078[0;39m [32m[INFO][0;39m org.springframework.boot.devtools.autoconfigure.OptionalLiveReloadServer restartedMain [32mLiveReload server is running on port 35729
[0;39m[31m2024-03-30 20:30:48,096[0;39m [32m[INFO][0;39m org.springframework.boot.web.embedded.tomcat.TomcatWebServer restartedMain [32mTomcat started on port(s): 8011 (http) with context path ''
[0;39m[31m2024-03-30 20:30:48,111[0;39m [32m[INFO][0;39m com.jdbc.soap.TaskjdbcsoapApplication restartedMain [32mStarted TaskjdbcsoapApplication in 2.387 seconds (JVM running for 3.277)
[0;39m[31m2024-03-30 20:30:57,192[0;39m [32m[INFO][0;39m org.apache.catalina.core.ContainerBase.[Tomcat].[localhost].[/] http-nio-8011-exec-1 [32mInitializing Spring MessageDispatcherServlet 'messageDispatcherServlet'
[0;39m[31m2024-03-30 20:30:57,192[0;39m [32m[INFO][0;39m org.springframework.ws.transport.http.MessageDispatcherServlet http-nio-8011-exec-1 [32mInitializing Servlet 'messageDispatcherServlet'
[0;39m[31m2024-03-30 20:30:57,209[0;39m [32m[INFO][0;39m org.springframework.ws.soap.saaj.SaajSoapMessageFactory http-nio-8011-exec-1 [32mCreating SAAJ 1.3 MessageFactory with SOAP 1.1 Protocol
[0;39m[31m2024-03-30 20:30:57,209[0;39m [32m[INFO][0;39m org.springframework.ws.transport.http.MessageDispatcherServlet http-nio-8011-exec-1 [32mCompleted initialization in 17 ms
[0;39m[31m2024-03-30 20:31:30,983[0;39m [32m[WARN][0;39m org.springframework.ws.server.EndpointNotFound http-nio-8011-exec-6 [32mNo endpoint mapping found for [SaajSoapMessage {http://transaction.services}addTransactionRequest]
[0;39m[31m2024-03-30 20:31:32,756[0;39m [32m[WARN][0;39m org.springframework.ws.server.EndpointNotFound http-nio-8011-exec-2 [32mNo endpoint mapping found for [SaajSoapMessage {http://transaction.services}addTransactionRequest]
[0;39m[31m2024-03-30 20:31:33,815[0;39m [32m[WARN][0;39m org.springframework.ws.server.EndpointNotFound http-nio-8011-exec-4 [32mNo endpoint mapping found for [SaajSoapMessage {http://transaction.services}addTransactionRequest]
[0;39m[31m2024-03-30 20:31:34,456[0;39m [32m[WARN][0;39m org.springframework.ws.server.EndpointNotFound http-nio-8011-exec-5 [32mNo endpoint mapping found for [SaajSoapMessage {http://transaction.services}addTransactionRequest]
[0;39m[31m2024-03-30 20:31:34,811[0;39m [32m[WARN][0;39m org.springframework.ws.server.EndpointNotFound http-nio-8011-exec-7 [32mNo endpoint mapping found for [SaajSoapMessage {http://transaction.services}addTransactionRequest]
[0;39m[31m2024-03-30 20:31:35,144[0;39m [32m[WARN][0;39m org.springframework.ws.server.EndpointNotFound http-nio-8011-exec-8 [32mNo endpoint mapping found for [SaajSoapMessage {http://transaction.services}addTransactionRequest]
[0;39m[31m2024-03-30 20:31:35,540[0;39m [32m[WARN][0;39m org.springframework.ws.server.EndpointNotFound http-nio-8011-exec-9 [32mNo endpoint mapping found for [SaajSoapMessage {http://transaction.services}addTransactionRequest]
[0;39m[31m2024-03-30 20:31:35,891[0;39m [32m[WARN][0;39m org.springframework.ws.server.EndpointNotFound http-nio-8011-exec-10 [32mNo endpoint mapping found for [SaajSoapMessage {http://transaction.services}addTransactionRequest]
[0;39m[31m2024-03-30 20:31:36,268[0;39m [32m[WARN][0;39m org.springframework.ws.server.EndpointNotFound http-nio-8011-exec-1 [32mNo endpoint mapping found for [SaajSoapMessage {http://transaction.services}addTransactionRequest]
[0;39m[31m2024-03-30 20:31:36,676[0;39m [32m[WARN][0;39m org.springframework.ws.server.EndpointNotFound http-nio-8011-exec-3 [32mNo endpoint mapping found for [SaajSoapMessage {http://transaction.services}addTransactionRequest]
[0;39m[31m2024-03-30 20:31:37,137[0;39m [32m[WARN][0;39m org.springframework.ws.server.EndpointNotFound http-nio-8011-exec-6 [32mNo endpoint mapping found for [SaajSoapMessage {http://transaction.services}addTransactionRequest]
[0;39m[31m2024-03-30 20:37:30,688[0;39m [32m[INFO][0;39m com.jdbc.soap.TaskjdbcsoapApplication restartedMain [32mStarting TaskjdbcsoapApplication using Java 1.8.0_292 on WPG02VB6F with PID 21248 (C:\DLTE-JAVA-FULL-STACK-AKSHIRA-2024\DLTE-TASK\taskjdbcsoap\target\classes started by xxnlnnqa in C:\DLTE-JAVA-FULL-STACK-AKSHIRA-2024\DLTE-TASK\taskjdbcsoap)
[0;39m[31m2024-03-30 20:37:30,690[0;39m [32m[INFO][0;39m com.jdbc.soap.TaskjdbcsoapApplication restartedMain [32mNo active profile set, falling back to 1 default profile: "default"
[0;39m[31m2024-03-30 20:37:30,741[0;39m [32m[INFO][0;39m org.springframework.boot.devtools.restart.ChangeableUrls restartedMain [32mThe Class-Path manifest attribute in C:\Users\xxnlnnqa\.m2\repository\com\oracle\database\security\oraclepki\21.5.0.0\oraclepki-21.5.0.0.jar referenced one or more files that do not exist: file:/C:/Users/xxnlnnqa/.m2/repository/com/oracle/database/security/oraclepki/21.5.0.0/osdt_core.jar,file:/C:/Users/xxnlnnqa/.m2/repository/com/oracle/database/security/oraclepki/21.5.0.0/osdt_cert.jar,file:/C:/Users/xxnlnnqa/.m2/repository/com/oracle/database/security/oraclepki/oracle.osdt/osdt_core.jar,file:/C:/Users/xxnlnnqa/.m2/repository/com/oracle/database/security/oraclepki/oracle.osdt/osdt_cert.jar
[0;39m[31m2024-03-30 20:37:30,741[0;39m [32m[INFO][0;39m org.springframework.boot.devtools.env.DevToolsPropertyDefaultsPostProcessor restartedMain [32mDevtools property defaults active! Set 'spring.devtools.add-properties' to 'false' to disable
[0;39m[31m2024-03-30 20:37:30,741[0;39m [32m[INFO][0;39m org.springframework.boot.devtools.env.DevToolsPropertyDefaultsPostProcessor restartedMain [32mFor additional web related logging consider setting the 'logging.level.web' property to 'DEBUG'
[0;39m[31m2024-03-30 20:37:31,297[0;39m [32m[INFO][0;39m org.springframework.data.repository.config.RepositoryConfigurationDelegate restartedMain [32mBootstrapping Spring Data JDBC repositories in DEFAULT mode.
[0;39m[31m2024-03-30 20:37:31,297[0;39m [32m[INFO][0;39m org.springframework.data.repository.config.RepositoryConfigurationDelegate restartedMain [32mFinished Spring Data repository scanning in 7 ms. Found 0 JDBC repository interfaces.
[0;39m[31m2024-03-30 20:37:31,485[0;39m [32m[INFO][0;39m org.springframework.context.support.PostProcessorRegistrationDelegate$BeanPostProcessorChecker restartedMain [32mBean 'soapServiceConfiguration' of type [com.jdbc.soap.SoapServiceConfiguration$$EnhancerBySpringCGLIB$$466e6055] is not eligible for getting processed by all BeanPostProcessors (for example: not eligible for auto-proxying)
[0;39m[31m2024-03-30 20:37:31,485[0;39m [32m[INFO][0;39m org.springframework.context.support.PostProcessorRegistrationDelegate$BeanPostProcessorChecker restartedMain [32mBean 'org.springframework.ws.config.annotation.DelegatingWsConfiguration' of type [org.springframework.ws.config.annotation.DelegatingWsConfiguration$$EnhancerBySpringCGLIB$$4ceec866] is not eligible for getting processed by all BeanPostProcessors (for example: not eligible for auto-proxying)
[0;39m[31m2024-03-30 20:37:31,517[0;39m [32m[INFO][0;39m org.springframework.ws.soap.addressing.server.AnnotationActionEndpointMapping restartedMain [32mSupporting [WS-Addressing August 2004, WS-Addressing 1.0]
[0;39m[31m2024-03-30 20:37:31,753[0;39m [32m[INFO][0;39m org.springframework.boot.web.embedded.tomcat.TomcatWebServer restartedMain [32mTomcat initialized with port(s): 8011 (http)
[0;39m[31m2024-03-30 20:37:31,769[0;39m [32m[INFO][0;39m org.apache.catalina.core.StandardService restartedMain [32mStarting service [Tomcat]
[0;39m[31m2024-03-30 20:37:31,769[0;39m [32m[INFO][0;39m org.apache.catalina.core.StandardEngine restartedMain [32mStarting Servlet engine: [Apache Tomcat/9.0.73]
[0;39m[31m2024-03-30 20:37:31,896[0;39m [32m[INFO][0;39m org.apache.catalina.core.ContainerBase.[Tomcat].[localhost].[/] restartedMain [32mInitializing Spring embedded WebApplicationContext
[0;39m[31m2024-03-30 20:37:31,896[0;39m [32m[INFO][0;39m org.springframework.boot.web.servlet.context.ServletWebServerApplicationContext restartedMain [32mRoot WebApplicationContext: initialization completed in 1154 ms
[0;39m[31m2024-03-30 20:37:32,399[0;39m [32m[INFO][0;39m com.zaxxer.hikari.HikariDataSource restartedMain [32mHikariPool-1 - Starting...
[0;39m[31m2024-03-30 20:37:32,399[0;39m [32m[WARN][0;39m com.zaxxer.hikari.util.DriverDataSource restartedMain [32mRegistered driver with driverClassName=oracle.jdbc.driver.OracleDriver was not found, trying direct instantiation.
[0;39m[31m2024-03-30 20:37:32,478[0;39m [32m[INFO][0;39m com.zaxxer.hikari.pool.PoolBase restartedMain [32mHikariPool-1 - Driver does not support get/set network timeout for connections. (oracle.jdbc.driver.T4CConnection.getNetworkTimeout()I)
[0;39m[31m2024-03-30 20:37:32,478[0;39m [32m[INFO][0;39m com.zaxxer.hikari.HikariDataSource restartedMain [32mHikariPool-1 - Start completed.
[0;39m[31m2024-03-30 20:37:32,557[0;39m [32m[INFO][0;39m org.springframework.boot.devtools.autoconfigure.OptionalLiveReloadServer restartedMain [32mLiveReload server is running on port 35729
[0;39m[31m2024-03-30 20:37:32,597[0;39m [32m[INFO][0;39m org.springframework.boot.web.embedded.tomcat.TomcatWebServer restartedMain [32mTomcat started on port(s): 8011 (http) with context path ''
[0;39m[31m2024-03-30 20:37:32,604[0;39m [32m[INFO][0;39m com.jdbc.soap.TaskjdbcsoapApplication restartedMain [32mStarted TaskjdbcsoapApplication in 2.309 seconds (JVM running for 3.096)
[0;39m[31m2024-03-30 20:37:45,727[0;39m [32m[INFO][0;39m org.apache.catalina.core.ContainerBase.[Tomcat].[localhost].[/] http-nio-8011-exec-1 [32mInitializing Spring MessageDispatcherServlet 'messageDispatcherServlet'
[0;39m[31m2024-03-30 20:37:45,729[0;39m [32m[INFO][0;39m org.springframework.ws.transport.http.MessageDispatcherServlet http-nio-8011-exec-1 [32mInitializing Servlet 'messageDispatcherServlet'
[0;39m[31m2024-03-30 20:37:45,729[0;39m [32m[INFO][0;39m org.springframework.ws.soap.saaj.SaajSoapMessageFactory http-nio-8011-exec-1 [32mCreating SAAJ 1.3 MessageFactory with SOAP 1.1 Protocol
[0;39m[31m2024-03-30 20:37:45,742[0;39m [32m[INFO][0;39m org.springframework.ws.transport.http.MessageDispatcherServlet http-nio-8011-exec-1 [32mCompleted initialization in 13 ms
[0;39m[31m2024-03-30 20:38:17,387[0;39m [32m[WARN][0;39m org.springframework.ws.server.EndpointNotFound http-nio-8011-exec-9 [32mNo endpoint mapping found for [SaajSoapMessage {http://transaction.services}addTransactionRequest]
[0;39m[31m2024-03-30 20:38:18,833[0;39m [32m[WARN][0;39m org.springframework.ws.server.EndpointNotFound http-nio-8011-exec-3 [32mNo endpoint mapping found for [SaajSoapMessage {http://transaction.services}addTransactionRequest]
[0;39m[31m2024-03-30 20:38:19,535[0;39m [32m[WARN][0;39m org.springframework.ws.server.EndpointNotFound http-nio-8011-exec-5 [32mNo endpoint mapping found for [SaajSoapMessage {http://transaction.services}addTransactionRequest]
[0;39m[31m2024-03-30 20:38:19,957[0;39m [32m[WARN][0;39m org.springframework.ws.server.EndpointNotFound http-nio-8011-exec-6 [32mNo endpoint mapping found for [SaajSoapMessage {http://transaction.services}addTransactionRequest]
[0;39m[31m2024-03-30 20:38:20,330[0;39m [32m[WARN][0;39m org.springframework.ws.server.EndpointNotFound http-nio-8011-exec-7 [32mNo endpoint mapping found for [SaajSoapMessage {http://transaction.services}addTransactionRequest]
[0;39m[31m2024-03-30 20:38:20,728[0;39m [32m[WARN][0;39m org.springframework.ws.server.EndpointNotFound http-nio-8011-exec-8 [32mNo endpoint mapping found for [SaajSoapMessage {http://transaction.services}addTransactionRequest]
[0;39m[31m2024-03-30 20:38:21,079[0;39m [32m[WARN][0;39m org.springframework.ws.server.EndpointNotFound http-nio-8011-exec-2 [32mNo endpoint mapping found for [SaajSoapMessage {http://transaction.services}addTransactionRequest]
[0;39m[31m2024-03-30 20:38:21,423[0;39m [32m[WARN][0;39m org.springframework.ws.server.EndpointNotFound http-nio-8011-exec-10 [32mNo endpoint mapping found for [SaajSoapMessage {http://transaction.services}addTransactionRequest]
[0;39m[31m2024-03-30 20:38:21,805[0;39m [32m[WARN][0;39m org.springframework.ws.server.EndpointNotFound http-nio-8011-exec-1 [32mNo endpoint mapping found for [SaajSoapMessage {http://transaction.services}addTransactionRequest]
[0;39m[31m2024-03-30 20:38:22,163[0;39m [32m[WARN][0;39m org.springframework.ws.server.EndpointNotFound http-nio-8011-exec-4 [32mNo endpoint mapping found for [SaajSoapMessage {http://transaction.services}addTransactionRequest]
[0;39m[31m2024-03-30 20:38:22,537[0;39m [32m[WARN][0;39m org.springframework.ws.server.EndpointNotFound http-nio-8011-exec-9 [32mNo endpoint mapping found for [SaajSoapMessage {http://transaction.services}addTransactionRequest]
[0;39m[31m2024-03-30 20:38:22,914[0;39m [32m[WARN][0;39m org.springframework.ws.server.EndpointNotFound http-nio-8011-exec-3 [32mNo endpoint mapping found for [SaajSoapMessage {http://transaction.services}addTransactionRequest]
[0;39m[31m2024-03-30 20:38:23,321[0;39m [32m[WARN][0;39m org.springframework.ws.server.EndpointNotFound http-nio-8011-exec-5 [32mNo endpoint mapping found for [SaajSoapMessage {http://transaction.services}addTransactionRequest]
[0;39m[31m2024-03-30 20:38:23,810[0;39m [32m[WARN][0;39m org.springframework.ws.server.EndpointNotFound http-nio-8011-exec-6 [32mNo endpoint mapping found for [SaajSoapMessage {http://transaction.services}addTransactionRequest]
[0;39m[31m2024-03-30 20:38:24,382[0;39m [32m[WARN][0;39m org.springframework.ws.server.EndpointNotFound http-nio-8011-exec-7 [32mNo endpoint mapping found for [SaajSoapMessage {http://transaction.services}addTransactionRequest]
[0;39m[31m2024-03-30 20:38:25,548[0;39m [32m[WARN][0;39m org.springframework.ws.server.EndpointNotFound http-nio-8011-exec-8 [32mNo endpoint mapping found for [SaajSoapMessage {http://transaction.services}addTransactionRequest]
[0;39m[31m2024-03-30 20:38:26,033[0;39m [32m[WARN][0;39m org.springframework.ws.server.EndpointNotFound http-nio-8011-exec-2 [32mNo endpoint mapping found for [SaajSoapMessage {http://transaction.services}addTransactionRequest]
[0;39m[31m2024-03-30 20:38:26,528[0;39m [32m[WARN][0;39m org.springframework.ws.server.EndpointNotFound http-nio-8011-exec-10 [32mNo endpoint mapping found for [SaajSoapMessage {http://transaction.services}addTransactionRequest]
[0;39m[31m2024-03-30 20:42:09,543[0;39m [32m[WARN][0;39m org.springframework.ws.server.EndpointNotFound http-nio-8011-exec-3 [32mNo endpoint mapping found for [SaajSoapMessage {http://transaction.services}addTransactionRequest]
[0;39m[31m2024-03-30 20:43:02,338[0;39m [32m[WARN][0;39m org.springframework.ws.server.EndpointNotFound http-nio-8011-exec-6 [32mNo endpoint mapping found for [SaajSoapMessage {http://transaction.services}addTransactionRequest]
[0;39m[31m2024-03-30 20:43:23,636[0;39m [32m[WARN][0;39m org.springframework.ws.server.EndpointNotFound http-nio-8011-exec-7 [32mNo endpoint mapping found for [SaajSoapMessage {http://transaction.services}addTransactionRequest]
[0;39m[31m2024-03-30 21:04:51,884[0;39m [32m[INFO][0;39m com.jdbc.soap.taskjdbcsoap.EndPointTest main [32mStarting EndPointTest using Java 1.8.0_292 on WPG02VB6F with PID 8728 (started by xxnlnnqa in C:\DLTE-JAVA-FULL-STACK-AKSHIRA-2024\DLTE-TASK\taskjdbcsoap)
[0;39m[31m2024-03-30 21:04:51,899[0;39m [32m[INFO][0;39m com.jdbc.soap.taskjdbcsoap.EndPointTest main [32mNo active profile set, falling back to 1 default profile: "default"
[0;39m[31m2024-03-30 21:04:52,452[0;39m [32m[INFO][0;39m org.springframework.data.repository.config.RepositoryConfigurationDelegate main [32mBootstrapping Spring Data JDBC repositories in DEFAULT mode.
[0;39m[31m2024-03-30 21:04:52,452[0;39m [32m[INFO][0;39m org.springframework.data.repository.config.RepositoryConfigurationDelegate main [32mFinished Spring Data repository scanning in 7 ms. Found 0 JDBC repository interfaces.
[0;39m[31m2024-03-30 21:04:53,285[0;39m [32m[INFO][0;39m org.springframework.context.support.PostProcessorRegistrationDelegate$BeanPostProcessorChecker main [32mBean 'soapServiceConfiguration' of type [com.jdbc.soap.SoapServiceConfiguration$$EnhancerBySpringCGLIB$$3ef64995] is not eligible for getting processed by all BeanPostProcessors (for example: not eligible for auto-proxying)
[0;39m[31m2024-03-30 21:04:53,301[0;39m [32m[INFO][0;39m org.springframework.context.support.PostProcessorRegistrationDelegate$BeanPostProcessorChecker main [32mBean 'org.springframework.ws.config.annotation.DelegatingWsConfiguration' of type [org.springframework.ws.config.annotation.DelegatingWsConfiguration$$EnhancerBySpringCGLIB$$4576b1a6] is not eligible for getting processed by all BeanPostProcessors (for example: not eligible for auto-proxying)
[0;39m[31m2024-03-30 21:04:53,363[0;39m [32m[INFO][0;39m org.springframework.ws.soap.addressing.server.AnnotationActionEndpointMapping main [32mSupporting [WS-Addressing August 2004, WS-Addressing 1.0]
[0;39m[31m2024-03-30 21:04:54,526[0;39m [32m[INFO][0;39m com.zaxxer.hikari.HikariDataSource main [32mHikariPool-1 - Starting...
[0;39m[31m2024-03-30 21:04:54,526[0;39m [32m[WARN][0;39m com.zaxxer.hikari.util.DriverDataSource main [32mRegistered driver with driverClassName=oracle.jdbc.driver.OracleDriver was not found, trying direct instantiation.
[0;39m[31m2024-03-30 21:04:55,094[0;39m [32m[INFO][0;39m com.zaxxer.hikari.pool.PoolBase main [32mHikariPool-1 - Driver does not support get/set network timeout for connections. (oracle.jdbc.driver.T4CConnection.getNetworkTimeout()I)
[0;39m[31m2024-03-30 21:04:55,094[0;39m [32m[INFO][0;39m com.zaxxer.hikari.HikariDataSource main [32mHikariPool-1 - Start completed.
[0;39m[31m2024-03-30 21:04:55,283[0;39m [32m[INFO][0;39m com.jdbc.soap.taskjdbcsoap.EndPointTest main [32mStarted EndPointTest in 3.84 seconds (JVM running for 5.408)
[0;39m[31m2024-03-30 21:04:55,504[0;39m [32m[INFO][0;39m com.zaxxer.hikari.HikariDataSource SpringApplicationShutdownHook [32mHikariPool-1 - Shutdown initiated...
[0;39m[31m2024-03-30 21:04:55,520[0;39m [32m[INFO][0;39m com.zaxxer.hikari.HikariDataSource SpringApplicationShutdownHook [32mHikariPool-1 - Shutdown completed.
[0;39m[31m2024-03-30 21:05:29,152[0;39m [32m[INFO][0;39m com.jdbc.soap.taskjdbcsoap.EndPointTest main [32mStarting EndPointTest using Java 1.8.0_292 on WPG02VB6F with PID 16268 (started by xxnlnnqa in C:\DLTE-JAVA-FULL-STACK-AKSHIRA-2024\DLTE-TASK\taskjdbcsoap)
[0;39m[31m2024-03-30 21:05:29,152[0;39m [32m[INFO][0;39m com.jdbc.soap.taskjdbcsoap.EndPointTest main [32mNo active profile set, falling back to 1 default profile: "default"
[0;39m[31m2024-03-30 21:05:29,703[0;39m [32m[INFO][0;39m org.springframework.data.repository.config.RepositoryConfigurationDelegate main [32mBootstrapping Spring Data JDBC repositories in DEFAULT mode.
[0;39m[31m2024-03-30 21:05:29,703[0;39m [32m[INFO][0;39m org.springframework.data.repository.config.RepositoryConfigurationDelegate main [32mFinished Spring Data repository scanning in 8 ms. Found 0 JDBC repository interfaces.
[0;39m[31m2024-03-30 21:05:30,347[0;39m [32m[INFO][0;39m org.springframework.context.support.PostProcessorRegistrationDelegate$BeanPostProcessorChecker main [32mBean 'soapServiceConfiguration' of type [com.jdbc.soap.SoapServiceConfiguration$$EnhancerBySpringCGLIB$$cc5cea0f] is not eligible for getting processed by all BeanPostProcessors (for example: not eligible for auto-proxying)
[0;39m[31m2024-03-30 21:05:30,347[0;39m [32m[INFO][0;39m org.springframework.context.support.PostProcessorRegistrationDelegate$BeanPostProcessorChecker main [32mBean 'org.springframework.ws.config.annotation.DelegatingWsConfiguration' of type [org.springframework.ws.config.annotation.DelegatingWsConfiguration$$EnhancerBySpringCGLIB$$d2dd5220] is not eligible for getting processed by all BeanPostProcessors (for example: not eligible for auto-proxying)
[0;39m[31m2024-03-30 21:05:30,442[0;39m [32m[INFO][0;39m org.springframework.ws.soap.addressing.server.AnnotationActionEndpointMapping main [32mSupporting [WS-Addressing August 2004, WS-Addressing 1.0]
[0;39m[31m2024-03-30 21:05:31,597[0;39m [32m[INFO][0;39m com.zaxxer.hikari.HikariDataSource main [32mHikariPool-1 - Starting...
[0;39m[31m2024-03-30 21:05:31,608[0;39m [32m[WARN][0;39m com.zaxxer.hikari.util.DriverDataSource main [32mRegistered driver with driverClassName=oracle.jdbc.driver.OracleDriver was not found, trying direct instantiation.
[0;39m[31m2024-03-30 21:05:32,006[0;39m [32m[INFO][0;39m com.zaxxer.hikari.pool.PoolBase main [32mHikariPool-1 - Driver does not support get/set network timeout for connections. (oracle.jdbc.driver.T4CConnection.getNetworkTimeout()I)
[0;39m[31m2024-03-30 21:05:32,006[0;39m [32m[INFO][0;39m com.zaxxer.hikari.HikariDataSource main [32mHikariPool-1 - Start completed.
[0;39m[31m2024-03-30 21:05:32,234[0;39m [32m[INFO][0;39m com.jdbc.soap.taskjdbcsoap.EndPointTest main [32mStarted EndPointTest in 3.508 seconds (JVM running for 4.735)
[0;39m[31m2024-03-30 21:05:32,354[0;39m [32m[INFO][0;39m com.zaxxer.hikari.HikariDataSource SpringApplicationShutdownHook [32mHikariPool-1 - Shutdown initiated...
[0;39m[31m2024-03-30 21:05:32,369[0;39m [32m[INFO][0;39m com.zaxxer.hikari.HikariDataSource SpringApplicationShutdownHook [32mHikariPool-1 - Shutdown completed.
[0;39m[31m2024-03-30 21:05:44,597[0;39m [32m[INFO][0;39m com.jdbc.soap.taskjdbcsoap.EndPointTest main [32mStarting EndPointTest using Java 1.8.0_292 on WPG02VB6F with PID 8196 (started by xxnlnnqa in C:\DLTE-JAVA-FULL-STACK-AKSHIRA-2024\DLTE-TASK\taskjdbcsoap)
[0;39m[31m2024-03-30 21:05:44,597[0;39m [32m[INFO][0;39m com.jdbc.soap.taskjdbcsoap.EndPointTest main [32mNo active profile set, falling back to 1 default profile: "default"
[0;39m[31m2024-03-30 21:05:45,144[0;39m [32m[INFO][0;39m org.springframework.data.repository.config.RepositoryConfigurationDelegate main [32mBootstrapping Spring Data JDBC repositories in DEFAULT mode.
[0;39m[31m2024-03-30 21:05:45,159[0;39m [32m[INFO][0;39m org.springframework.data.repository.config.RepositoryConfigurationDelegate main [32mFinished Spring Data repository scanning in 9 ms. Found 0 JDBC repository interfaces.
[0;39m[31m2024-03-30 21:05:45,725[0;39m [32m[INFO][0;39m org.springframework.context.support.PostProcessorRegistrationDelegate$BeanPostProcessorChecker main [32mBean 'soapServiceConfiguration' of type [com.jdbc.soap.SoapServiceConfiguration$$EnhancerBySpringCGLIB$$9f6881e6] is not eligible for getting processed by all BeanPostProcessors (for example: not eligible for auto-proxying)
[0;39m[31m2024-03-30 21:05:45,725[0;39m [32m[INFO][0;39m org.springframework.context.support.PostProcessorRegistrationDelegate$BeanPostProcessorChecker main [32mBean 'org.springframework.ws.config.annotation.DelegatingWsConfiguration' of type [org.springframework.ws.config.annotation.DelegatingWsConfiguration$$EnhancerBySpringCGLIB$$a5e8e9f7] is not eligible for getting processed by all BeanPostProcessors (for example: not eligible for auto-proxying)
[0;39m[31m2024-03-30 21:05:45,811[0;39m [32m[INFO][0;39m org.springframework.ws.soap.addressing.server.AnnotationActionEndpointMapping main [32mSupporting [WS-Addressing August 2004, WS-Addressing 1.0]
[0;39m[31m2024-03-30 21:05:46,904[0;39m [32m[INFO][0;39m com.zaxxer.hikari.HikariDataSource main [32mHikariPool-1 - Starting...
[0;39m[31m2024-03-30 21:05:46,913[0;39m [32m[WARN][0;39m com.zaxxer.hikari.util.DriverDataSource main [32mRegistered driver with driverClassName=oracle.jdbc.driver.OracleDriver was not found, trying direct instantiation.
[0;39m[31m2024-03-30 21:05:47,314[0;39m [32m[INFO][0;39m com.zaxxer.hikari.pool.PoolBase main [32mHikariPool-1 - Driver does not support get/set network timeout for connections. (oracle.jdbc.driver.T4CConnection.getNetworkTimeout()I)
[0;39m[31m2024-03-30 21:05:47,314[0;39m [32m[INFO][0;39m com.zaxxer.hikari.HikariDataSource main [32mHikariPool-1 - Start completed.
[0;39m[31m2024-03-30 21:05:47,518[0;39m [32m[INFO][0;39m com.jdbc.soap.taskjdbcsoap.EndPointTest main [32mStarted EndPointTest in 3.322 seconds (JVM running for 4.501)
[0;39m[31m2024-03-30 21:05:47,644[0;39m [32m[INFO][0;39m com.zaxxer.hikari.HikariDataSource SpringApplicationShutdownHook [32mHikariPool-1 - Shutdown initiated...
[0;39m[31m2024-03-30 21:05:47,660[0;39m [32m[INFO][0;39m com.zaxxer.hikari.HikariDataSource SpringApplicationShutdownHook [32mHikariPool-1 - Shutdown completed.
[0;39m[31m2024-03-30 21:06:17,481[0;39m [32m[INFO][0;39m com.jdbc.soap.taskjdbcsoap.EndPointTest main [32mStarting EndPointTest using Java 1.8.0_292 on WPG02VB6F with PID 11036 (started by xxnlnnqa in C:\DLTE-JAVA-FULL-STACK-AKSHIRA-2024\DLTE-TASK\taskjdbcsoap)
[0;39m[31m2024-03-30 21:06:17,481[0;39m [32m[INFO][0;39m com.jdbc.soap.taskjdbcsoap.EndPointTest main [32mNo active profile set, falling back to 1 default profile: "default"
[0;39m[31m2024-03-30 21:06:17,999[0;39m [32m[INFO][0;39m org.springframework.data.repository.config.RepositoryConfigurationDelegate main [32mBootstrapping Spring Data JDBC repositories in DEFAULT mode.
[0;39m[31m2024-03-30 21:06:18,014[0;39m [32m[INFO][0;39m org.springframework.data.repository.config.RepositoryConfigurationDelegate main [32mFinished Spring Data repository scanning in 8 ms. Found 0 JDBC repository interfaces.
[0;39m[31m2024-03-30 21:06:18,659[0;39m [32m[INFO][0;39m org.springframework.context.support.PostProcessorRegistrationDelegate$BeanPostProcessorChecker main [32mBean 'soapServiceConfiguration' of type [com.jdbc.soap.SoapServiceConfiguration$$EnhancerBySpringCGLIB$$9f6881e6] is not eligible for getting processed by all BeanPostProcessors (for example: not eligible for auto-proxying)
[0;39m[31m2024-03-30 21:06:18,659[0;39m [32m[INFO][0;39m org.springframework.context.support.PostProcessorRegistrationDelegate$BeanPostProcessorChecker main [32mBean 'org.springframework.ws.config.annotation.DelegatingWsConfiguration' of type [org.springframework.ws.config.annotation.DelegatingWsConfiguration$$EnhancerBySpringCGLIB$$a5e8e9f7] is not eligible for getting processed by all BeanPostProcessors (for example: not eligible for auto-proxying)
[0;39m[31m2024-03-30 21:06:18,738[0;39m [32m[INFO][0;39m org.springframework.ws.soap.addressing.server.AnnotationActionEndpointMapping main [32mSupporting [WS-Addressing August 2004, WS-Addressing 1.0]
[0;39m[31m2024-03-30 21:06:19,823[0;39m [32m[INFO][0;39m com.zaxxer.hikari.HikariDataSource main [32mHikariPool-1 - Starting...
[0;39m[31m2024-03-30 21:06:19,823[0;39m [32m[WARN][0;39m com.zaxxer.hikari.util.DriverDataSource main [32mRegistered driver with driverClassName=oracle.jdbc.driver.OracleDriver was not found, trying direct instantiation.
[0;39m[31m2024-03-30 21:06:20,250[0;39m [32m[INFO][0;39m com.zaxxer.hikari.pool.PoolBase main [32mHikariPool-1 - Driver does not support get/set network timeout for connections. (oracle.jdbc.driver.T4CConnection.getNetworkTimeout()I)
[0;39m[31m2024-03-30 21:06:20,250[0;39m [32m[INFO][0;39m com.zaxxer.hikari.HikariDataSource main [32mHikariPool-1 - Start completed.
[0;39m[31m2024-03-30 21:06:20,454[0;39m [32m[INFO][0;39m com.jdbc.soap.taskjdbcsoap.EndPointTest main [32mStarted EndPointTest in 3.406 seconds (JVM running for 4.565)
[0;39m[31m2024-03-30 21:06:20,582[0;39m [32m[INFO][0;39m com.zaxxer.hikari.HikariDataSource SpringApplicationShutdownHook [32mHikariPool-1 - Shutdown initiated...
[0;39m[31m2024-03-30 21:06:20,602[0;39m [32m[INFO][0;39m com.zaxxer.hikari.HikariDataSource SpringApplicationShutdownHook [32mHikariPool-1 - Shutdown completed.
[0;39m[31m2024-03-30 21:10:27,481[0;39m [32m[INFO][0;39m com.jdbc.soap.taskjdbcsoap.EndPointTest main [32mStarting EndPointTest using Java 1.8.0_292 on WPG02VB6F with PID 21732 (started by xxnlnnqa in C:\DLTE-JAVA-FULL-STACK-AKSHIRA-2024\DLTE-TASK\taskjdbcsoap)
[0;39m[31m2024-03-30 21:10:27,481[0;39m [32m[INFO][0;39m com.jdbc.soap.taskjdbcsoap.EndPointTest main [32mNo active profile set, falling back to 1 default profile: "default"
[0;39m[31m2024-03-30 21:10:28,045[0;39m [32m[INFO][0;39m org.springframework.data.repository.config.RepositoryConfigurationDelegate main [32mBootstrapping Spring Data JDBC repositories in DEFAULT mode.
[0;39m[31m2024-03-30 21:10:28,045[0;39m [32m[INFO][0;39m org.springframework.data.repository.config.RepositoryConfigurationDelegate main [32mFinished Spring Data repository scanning in 7 ms. Found 0 JDBC repository interfaces.
[0;39m[31m2024-03-30 21:10:28,643[0;39m [32m[INFO][0;39m org.springframework.context.support.PostProcessorRegistrationDelegate$BeanPostProcessorChecker main [32mBean 'soapServiceConfiguration' of type [com.jdbc.soap.SoapServiceConfiguration$$EnhancerBySpringCGLIB$$54860896] is not eligible for getting processed by all BeanPostProcessors (for example: not eligible for auto-proxying)
[0;39m[31m2024-03-30 21:10:28,643[0;39m [32m[INFO][0;39m org.springframework.context.support.PostProcessorRegistrationDelegate$BeanPostProcessorChecker main [32mBean 'org.springframework.ws.config.annotation.DelegatingWsConfiguration' of type [org.springframework.ws.config.annotation.DelegatingWsConfiguration$$EnhancerBySpringCGLIB$$5b0670a7] is not eligible for getting processed by all BeanPostProcessors (for example: not eligible for auto-proxying)
[0;39m[31m2024-03-30 21:10:28,737[0;39m [32m[INFO][0;39m org.springframework.ws.soap.addressing.server.AnnotationActionEndpointMapping main [32mSupporting [WS-Addressing August 2004, WS-Addressing 1.0]
[0;39m[31m2024-03-30 21:10:29,808[0;39m [32m[INFO][0;39m com.zaxxer.hikari.HikariDataSource main [32mHikariPool-1 - Starting...
[0;39m[31m2024-03-30 21:10:29,808[0;39m [32m[WARN][0;39m com.zaxxer.hikari.util.DriverDataSource main [32mRegistered driver with driverClassName=oracle.jdbc.driver.OracleDriver was not found, trying direct instantiation.
[0;39m[31m2024-03-30 21:10:30,281[0;39m [32m[INFO][0;39m com.zaxxer.hikari.pool.PoolBase main [32mHikariPool-1 - Driver does not support get/set network timeout for connections. (oracle.jdbc.driver.T4CConnection.getNetworkTimeout()I)
[0;39m[31m2024-03-30 21:10:30,281[0;39m [32m[INFO][0;39m com.zaxxer.hikari.HikariDataSource main [32mHikariPool-1 - Start completed.
[0;39m[31m2024-03-30 21:10:30,486[0;39m [32m[INFO][0;39m com.jdbc.soap.taskjdbcsoap.EndPointTest main [32mStarted EndPointTest in 3.408 seconds (JVM running for 4.618)
[0;39m[31m2024-03-30 21:10:30,630[0;39m [32m[INFO][0;39m com.zaxxer.hikari.HikariDataSource SpringApplicationShutdownHook [32mHikariPool-1 - Shutdown initiated...
[0;39m[31m2024-03-30 21:10:30,645[0;39m [32m[INFO][0;39m com.zaxxer.hikari.HikariDataSource SpringApplicationShutdownHook [32mHikariPool-1 - Shutdown completed.
[0;39m[31m2024-03-30 21:10:57,054[0;39m [32m[INFO][0;39m com.jdbc.soap.taskjdbcsoap.EndPointTest main [32mStarting EndPointTest using Java 1.8.0_292 on WPG02VB6F with PID 22884 (started by xxnlnnqa in C:\DLTE-JAVA-FULL-STACK-AKSHIRA-2024\DLTE-TASK\taskjdbcsoap)
[0;39m[31m2024-03-30 21:10:57,054[0;39m [32m[INFO][0;39m com.jdbc.soap.taskjdbcsoap.EndPointTest main [32mNo active profile set, falling back to 1 default profile: "default"
[0;39m[31m2024-03-30 21:10:57,566[0;39m [32m[INFO][0;39m org.springframework.data.repository.config.RepositoryConfigurationDelegate main [32mBootstrapping Spring Data JDBC repositories in DEFAULT mode.
[0;39m[31m2024-03-30 21:10:57,566[0;39m [32m[INFO][0;39m org.springframework.data.repository.config.RepositoryConfigurationDelegate main [32mFinished Spring Data repository scanning in 6 ms. Found 0 JDBC repository interfaces.
[0;39m[31m2024-03-30 21:10:58,239[0;39m [32m[INFO][0;39m org.springframework.context.support.PostProcessorRegistrationDelegate$BeanPostProcessorChecker main [32mBean 'soapServiceConfiguration' of type [com.jdbc.soap.SoapServiceConfiguration$$EnhancerBySpringCGLIB$$a19a3203] is not eligible for getting processed by all BeanPostProcessors (for example: not eligible for auto-proxying)
[0;39m[31m2024-03-30 21:10:58,239[0;39m [32m[INFO][0;39m org.springframework.context.support.PostProcessorRegistrationDelegate$BeanPostProcessorChecker main [32mBean 'org.springframework.ws.config.annotation.DelegatingWsConfiguration' of type [org.springframework.ws.config.annotation.DelegatingWsConfiguration$$EnhancerBySpringCGLIB$$a81a9a14] is not eligible for getting processed by all BeanPostProcessors (for example: not eligible for auto-proxying)
[0;39m[31m2024-03-30 21:10:58,337[0;39m [32m[INFO][0;39m org.springframework.ws.soap.addressing.server.AnnotationActionEndpointMapping main [32mSupporting [WS-Addressing August 2004, WS-Addressing 1.0]
[0;39m[31m2024-03-30 21:10:59,454[0;39m [32m[INFO][0;39m com.zaxxer.hikari.HikariDataSource main [32mHikariPool-1 - Starting...
[0;39m[31m2024-03-30 21:10:59,459[0;39m [32m[WARN][0;39m com.zaxxer.hikari.util.DriverDataSource main [32mRegistered driver with driverClassName=oracle.jdbc.driver.OracleDriver was not found, trying direct instantiation.
[0;39m[31m2024-03-30 21:10:59,848[0;39m [32m[INFO][0;39m com.zaxxer.hikari.pool.PoolBase main [32mHikariPool-1 - Driver does not support get/set network timeout for connections. (oracle.jdbc.driver.T4CConnection.getNetworkTimeout()I)
[0;39m[31m2024-03-30 21:10:59,848[0;39m [32m[INFO][0;39m com.zaxxer.hikari.HikariDataSource main [32mHikariPool-1 - Start completed.
[0;39m[31m2024-03-30 21:11:00,053[0;39m [32m[INFO][0;39m com.jdbc.soap.taskjdbcsoap.EndPointTest main [32mStarted EndPointTest in 3.401 seconds (JVM running for 4.603)
[0;39m[31m2024-03-30 21:11:00,199[0;39m [32m[INFO][0;39m com.zaxxer.hikari.HikariDataSource SpringApplicationShutdownHook [32mHikariPool-1 - Shutdown initiated...
[0;39m[31m2024-03-30 21:11:00,219[0;39m [32m[INFO][0;39m com.zaxxer.hikari.HikariDataSource SpringApplicationShutdownHook [32mHikariPool-1 - Shutdown completed.
[0;39m[31m2024-03-30 21:16:12,014[0;39m [32m[INFO][0;39m com.jdbc.soap.taskjdbcsoap.EndPointTest main [32mStarting EndPointTest using Java 1.8.0_292 on WPG02VB6F with PID 12456 (started by xxnlnnqa in C:\DLTE-JAVA-FULL-STACK-AKSHIRA-2024\DLTE-TASK\taskjdbcsoap)
[0;39m[31m2024-03-30 21:16:12,014[0;39m [32m[INFO][0;39m com.jdbc.soap.taskjdbcsoap.EndPointTest main [32mNo active profile set, falling back to 1 default profile: "default"
[0;39m[31m2024-03-30 21:16:12,564[0;39m [32m[INFO][0;39m org.springframework.data.repository.config.RepositoryConfigurationDelegate main [32mBootstrapping Spring Data JDBC repositories in DEFAULT mode.
[0;39m[31m2024-03-30 21:16:12,579[0;39m [32m[INFO][0;39m org.springframework.data.repository.config.RepositoryConfigurationDelegate main [32mFinished Spring Data repository scanning in 9 ms. Found 0 JDBC repository interfaces.
[0;39m[31m2024-03-30 21:16:13,208[0;39m [32m[INFO][0;39m org.springframework.context.support.PostProcessorRegistrationDelegate$BeanPostProcessorChecker main [32mBean 'soapServiceConfiguration' of type [com.jdbc.soap.SoapServiceConfiguration$$EnhancerBySpringCGLIB$$d97a28b9] is not eligible for getting processed by all BeanPostProcessors (for example: not eligible for auto-proxying)
[0;39m[31m2024-03-30 21:16:13,208[0;39m [32m[INFO][0;39m org.springframework.context.support.PostProcessorRegistrationDelegate$BeanPostProcessorChecker main [32mBean 'org.springframework.ws.config.annotation.DelegatingWsConfiguration' of type [org.springframework.ws.config.annotation.DelegatingWsConfiguration$$EnhancerBySpringCGLIB$$dffa90ca] is not eligible for getting processed by all BeanPostProcessors (for example: not eligible for auto-proxying)
[0;39m[31m2024-03-30 21:16:13,271[0;39m [32m[INFO][0;39m org.springframework.ws.soap.addressing.server.AnnotationActionEndpointMapping main [32mSupporting [WS-Addressing August 2004, WS-Addressing 1.0]
[0;39m[31m2024-03-30 21:16:14,358[0;39m [32m[INFO][0;39m com.zaxxer.hikari.HikariDataSource main [32mHikariPool-1 - Starting...
[0;39m[31m2024-03-30 21:16:14,358[0;39m [32m[WARN][0;39m com.zaxxer.hikari.util.DriverDataSource main [32mRegistered driver with driverClassName=oracle.jdbc.driver.OracleDriver was not found, trying direct instantiation.
[0;39m[31m2024-03-30 21:16:14,767[0;39m [32m[INFO][0;39m com.zaxxer.hikari.pool.PoolBase main [32mHikariPool-1 - Driver does not support get/set network timeout for connections. (oracle.jdbc.driver.T4CConnection.getNetworkTimeout()I)
[0;39m[31m2024-03-30 21:16:14,767[0;39m [32m[INFO][0;39m com.zaxxer.hikari.HikariDataSource main [32mHikariPool-1 - Start completed.
[0;39m[31m2024-03-30 21:16:14,956[0;39m [32m[INFO][0;39m com.jdbc.soap.taskjdbcsoap.EndPointTest main [32mStarted EndPointTest in 3.341 seconds (JVM running for 4.542)
[0;39m[31m2024-03-30 21:16:15,144[0;39m [32m[INFO][0;39m com.zaxxer.hikari.HikariDataSource SpringApplicationShutdownHook [32mHikariPool-1 - Shutdown initiated...
[0;39m[31m2024-03-30 21:16:15,155[0;39m [32m[INFO][0;39m com.zaxxer.hikari.HikariDataSource SpringApplicationShutdownHook [32mHikariPool-1 - Shutdown completed.
[0;39m[31m2024-03-30 21:16:42,503[0;39m [32m[INFO][0;39m com.jdbc.soap.taskjdbcsoap.EndPointTest main [32mStarting EndPointTest using Java 1.8.0_292 on WPG02VB6F with PID 15108 (started by xxnlnnqa in C:\DLTE-JAVA-FULL-STACK-AKSHIRA-2024\DLTE-TASK\taskjdbcsoap)
[0;39m[31m2024-03-30 21:16:42,503[0;39m [32m[INFO][0;39m com.jdbc.soap.taskjdbcsoap.EndPointTest main [32mNo active profile set, falling back to 1 default profile: "default"
[0;39m[31m2024-03-30 21:16:43,033[0;39m [32m[INFO][0;39m org.springframework.data.repository.config.RepositoryConfigurationDelegate main [32mBootstrapping Spring Data JDBC repositories in DEFAULT mode.
[0;39m[31m2024-03-30 21:16:43,049[0;39m [32m[INFO][0;39m org.springframework.data.repository.config.RepositoryConfigurationDelegate main [32mFinished Spring Data repository scanning in 9 ms. Found 0 JDBC repository interfaces.
[0;39m[31m2024-03-30 21:16:43,631[0;39m [32m[INFO][0;39m org.springframework.context.support.PostProcessorRegistrationDelegate$BeanPostProcessorChecker main [32mBean 'soapServiceConfiguration' of type [com.jdbc.soap.SoapServiceConfiguration$$EnhancerBySpringCGLIB$$d97a28b9] is not eligible for getting processed by all BeanPostProcessors (for example: not eligible for auto-proxying)
[0;39m[31m2024-03-30 21:16:43,631[0;39m [32m[INFO][0;39m org.springframework.context.support.PostProcessorRegistrationDelegate$BeanPostProcessorChecker main [32mBean 'org.springframework.ws.config.annotation.DelegatingWsConfiguration' of type [org.springframework.ws.config.annotation.DelegatingWsConfiguration$$EnhancerBySpringCGLIB$$dffa90ca] is not eligible for getting processed by all BeanPostProcessors (for example: not eligible for auto-proxying)
[0;39m[31m2024-03-30 21:16:43,709[0;39m [32m[INFO][0;39m org.springframework.ws.soap.addressing.server.AnnotationActionEndpointMapping main [32mSupporting [WS-Addressing August 2004, WS-Addressing 1.0]
[0;39m[31m2024-03-30 21:16:44,825[0;39m [32m[INFO][0;39m com.zaxxer.hikari.HikariDataSource main [32mHikariPool-1 - Starting...
[0;39m[31m2024-03-30 21:16:44,825[0;39m [32m[WARN][0;39m com.zaxxer.hikari.util.DriverDataSource main [32mRegistered driver with driverClassName=oracle.jdbc.driver.OracleDriver was not found, trying direct instantiation.
[0;39m[31m2024-03-30 21:16:45,247[0;39m [32m[INFO][0;39m com.zaxxer.hikari.pool.PoolBase main [32mHikariPool-1 - Driver does not support get/set network timeout for connections. (oracle.jdbc.driver.T4CConnection.getNetworkTimeout()I)
[0;39m[31m2024-03-30 21:16:45,252[0;39m [32m[INFO][0;39m com.zaxxer.hikari.HikariDataSource main [32mHikariPool-1 - Start completed.
[0;39m[31m2024-03-30 21:16:45,439[0;39m [32m[INFO][0;39m com.jdbc.soap.taskjdbcsoap.EndPointTest main [32mStarted EndPointTest in 3.333 seconds (JVM running for 4.523)
[0;39m[31m2024-03-30 21:16:45,580[0;39m [32m[INFO][0;39m com.zaxxer.hikari.HikariDataSource SpringApplicationShutdownHook [32mHikariPool-1 - Shutdown initiated...
[0;39m[31m2024-03-30 21:16:45,604[0;39m [32m[INFO][0;39m com.zaxxer.hikari.HikariDataSource SpringApplicationShutdownHook [32mHikariPool-1 - Shutdown completed.
[0;39m[31m2024-03-30 21:17:05,630[0;39m [32m[INFO][0;39m com.jdbc.soap.taskjdbcsoap.EndPointTest main [32mStarting EndPointTest using Java 1.8.0_292 on WPG02VB6F with PID 11988 (started by xxnlnnqa in C:\DLTE-JAVA-FULL-STACK-AKSHIRA-2024\DLTE-TASK\taskjdbcsoap)
[0;39m[31m2024-03-30 21:17:05,630[0;39m [32m[INFO][0;39m com.jdbc.soap.taskjdbcsoap.EndPointTest main [32mNo active profile set, falling back to 1 default profile: "default"
[0;39m[31m2024-03-30 21:17:06,180[0;39m [32m[INFO][0;39m org.springframework.data.repository.config.RepositoryConfigurationDelegate main [32mBootstrapping Spring Data JDBC repositories in DEFAULT mode.
[0;39m[31m2024-03-30 21:17:06,196[0;39m [32m[INFO][0;39m org.springframework.data.repository.config.RepositoryConfigurationDelegate main [32mFinished Spring Data repository scanning in 9 ms. Found 0 JDBC repository interfaces.
[0;39m[31m2024-03-30 21:17:06,847[0;39m [32m[INFO][0;39m org.springframework.context.support.PostProcessorRegistrationDelegate$BeanPostProcessorChecker main [32mBean 'soapServiceConfiguration' of type [com.jdbc.soap.SoapServiceConfiguration$$EnhancerBySpringCGLIB$$f4b1f5] is not eligible for getting processed by all BeanPostProcessors (for example: not eligible for auto-proxying)
[0;39m[31m2024-03-30 21:17:06,847[0;39m [32m[INFO][0;39m org.springframework.context.support.PostProcessorRegistrationDelegate$BeanPostProcessorChecker main [32mBean 'org.springframework.ws.config.annotation.DelegatingWsConfiguration' of type [org.springframework.ws.config.annotation.DelegatingWsConfiguration$$EnhancerBySpringCGLIB$$7751a06] is not eligible for getting processed by all BeanPostProcessors (for example: not eligible for auto-proxying)
[0;39m[31m2024-03-30 21:17:06,935[0;39m [32m[INFO][0;39m org.springframework.ws.soap.addressing.server.AnnotationActionEndpointMapping main [32mSupporting [WS-Addressing August 2004, WS-Addressing 1.0]
[0;39m[31m2024-03-30 21:17:08,019[0;39m [32m[INFO][0;39m com.zaxxer.hikari.HikariDataSource main [32mHikariPool-1 - Starting...
[0;39m[31m2024-03-30 21:17:08,035[0;39m [32m[WARN][0;39m com.zaxxer.hikari.util.DriverDataSource main [32mRegistered driver with driverClassName=oracle.jdbc.driver.OracleDriver was not found, trying direct instantiation.
[0;39m[31m2024-03-30 21:17:08,454[0;39m [32m[INFO][0;39m com.zaxxer.hikari.pool.PoolBase main [32mHikariPool-1 - Driver does not support get/set network timeout for connections. (oracle.jdbc.driver.T4CConnection.getNetworkTimeout()I)
[0;39m[31m2024-03-30 21:17:08,461[0;39m [32m[INFO][0;39m com.zaxxer.hikari.HikariDataSource main [32mHikariPool-1 - Start completed.
[0;39m[31m2024-03-30 21:17:08,665[0;39m [32m[INFO][0;39m com.jdbc.soap.taskjdbcsoap.EndPointTest main [32mStarted EndPointTest in 3.427 seconds (JVM running for 4.598)
[0;39m[31m2024-03-30 21:17:08,808[0;39m [32m[INFO][0;39m com.zaxxer.hikari.HikariDataSource SpringApplicationShutdownHook [32mHikariPool-1 - Shutdown initiated...
[0;39m[31m2024-03-30 21:17:08,831[0;39m [32m[INFO][0;39m com.zaxxer.hikari.HikariDataSource SpringApplicationShutdownHook [32mHikariPool-1 - Shutdown completed.
[0;39m